{"/usr/src/app/src/app.js": {"path":"/usr/src/app/src/app.js","statementMap":{"0":{"start":{"line":1,"column":0},"end":{"line":1,"column":27}},"1":{"start":{"line":5,"column":16},"end":{"line":5,"column":34}},"2":{"start":{"line":6,"column":13},"end":{"line":6,"column":28}},"3":{"start":{"line":10,"column":15},"end":{"line":10,"column":41}},"4":{"start":{"line":13,"column":19},"end":{"line":13,"column":60}},"5":{"start":{"line":18,"column":21},"end":{"line":18,"column":61}},"6":{"start":{"line":22,"column":18},"end":{"line":22,"column":47}},"7":{"start":{"line":23,"column":19},"end":{"line":23,"column":49}},"8":{"start":{"line":24,"column":22},"end":{"line":24,"column":55}},"9":{"start":{"line":25,"column":26},"end":{"line":25,"column":63}},"10":{"start":{"line":26,"column":19},"end":{"line":26,"column":49}},"11":{"start":{"line":27,"column":22},"end":{"line":27,"column":55}},"12":{"start":{"line":28,"column":22},"end":{"line":28,"column":55}},"13":{"start":{"line":29,"column":22},"end":{"line":29,"column":55}},"14":{"start":{"line":30,"column":23},"end":{"line":30,"column":57}},"15":{"start":{"line":31,"column":20},"end":{"line":31,"column":51}},"16":{"start":{"line":32,"column":19},"end":{"line":32,"column":49}},"17":{"start":{"line":36,"column":12},"end":{"line":36,"column":21}},"18":{"start":{"line":42,"column":0},"end":{"line":42,"column":24}},"19":{"start":{"line":46,"column":0},"end":{"line":46,"column":20}},"20":{"start":{"line":50,"column":23},"end":{"line":53,"column":1}},"21":{"start":{"line":55,"column":0},"end":{"line":69,"column":2}},"22":{"start":{"line":59,"column":6},"end":{"line":59,"column":47}},"23":{"start":{"line":59,"column":19},"end":{"line":59,"column":47}},"24":{"start":{"line":61,"column":6},"end":{"line":65,"column":7}},"25":{"start":{"line":62,"column":8},"end":{"line":62,"column":29}},"26":{"start":{"line":64,"column":8},"end":{"line":64,"column":53}},"27":{"start":{"line":73,"column":0},"end":{"line":73,"column":40}},"28":{"start":{"line":74,"column":0},"end":{"line":74,"column":33}},"29":{"start":{"line":75,"column":0},"end":{"line":75,"column":33}},"30":{"start":{"line":76,"column":0},"end":{"line":76,"column":40}},"31":{"start":{"line":77,"column":0},"end":{"line":77,"column":34}},"32":{"start":{"line":78,"column":0},"end":{"line":78,"column":48}},"33":{"start":{"line":79,"column":0},"end":{"line":79,"column":40}},"34":{"start":{"line":80,"column":0},"end":{"line":80,"column":41}},"35":{"start":{"line":81,"column":0},"end":{"line":81,"column":42}},"36":{"start":{"line":82,"column":0},"end":{"line":82,"column":36}},"37":{"start":{"line":83,"column":0},"end":{"line":83,"column":33}},"38":{"start":{"line":87,"column":0},"end":{"line":100,"column":3}},"39":{"start":{"line":89,"column":2},"end":{"line":93,"column":5}},"40":{"start":{"line":95,"column":2},"end":{"line":98,"column":5}},"41":{"start":{"line":104,"column":0},"end":{"line":104,"column":22}},"42":{"start":{"line":106,"column":0},"end":{"line":106,"column":21}}},"fnMap":{"0":{"name":"(anonymous_0)","decl":{"start":{"line":57,"column":12},"end":{"line":57,"column":13}},"loc":{"start":{"line":57,"column":39},"end":{"line":66,"column":5}},"line":57},"1":{"name":"(anonymous_1)","decl":{"start":{"line":87,"column":8},"end":{"line":87,"column":9}},"loc":{"start":{"line":87,"column":22},"end":{"line":100,"column":1}},"line":87}},"branchMap":{"0":{"loc":{"start":{"line":59,"column":6},"end":{"line":59,"column":47}},"type":"if","locations":[{"start":{"line":59,"column":6},"end":{"line":59,"column":47}},{"start":{},"end":{}}],"line":59},"1":{"loc":{"start":{"line":61,"column":6},"end":{"line":65,"column":7}},"type":"if","locations":[{"start":{"line":61,"column":6},"end":{"line":65,"column":7}},{"start":{"line":63,"column":13},"end":{"line":65,"column":7}}],"line":61}},"s":{"0":1,"1":1,"2":1,"3":1,"4":1,"5":1,"6":1,"7":1,"8":1,"9":1,"10":1,"11":1,"12":1,"13":1,"14":1,"15":1,"16":1,"17":1,"18":1,"19":1,"20":1,"21":1,"22":29,"23":29,"24":0,"25":0,"26":0,"27":1,"28":1,"29":1,"30":1,"31":1,"32":1,"33":1,"34":1,"35":1,"36":1,"37":1,"38":1,"39":0,"40":0,"41":1,"42":1},"f":{"0":29,"1":0},"b":{"0":[29,0],"1":[0,0]},"_coverageSchema":"1a1c01bbd47fc00a2c39e90264f33305004495a9","hash":"72b771c34a2255304e6ecbb8f6c33c1f6a21dc2b"}
,"/usr/src/app/src/config/database.js": {"path":"/usr/src/app/src/config/database.js","statementMap":{"0":{"start":{"line":1,"column":25},"end":{"line":1,"column":50}},"1":{"start":{"line":3,"column":15},"end":{"line":3,"column":33}},"2":{"start":{"line":5,"column":0},"end":{"line":5,"column":24}}},"fnMap":{},"branchMap":{},"s":{"0":1,"1":1,"2":1},"f":{},"b":{},"_coverageSchema":"1a1c01bbd47fc00a2c39e90264f33305004495a9","hash":"c9ca5df854aa70fd144b3e284a58eec3dfec5fe1"}
,"/usr/src/app/src/config/logger.js": {"path":"/usr/src/app/src/config/logger.js","statementMap":{"0":{"start":{"line":1,"column":13},"end":{"line":1,"column":28}},"1":{"start":{"line":3,"column":15},"end":{"line":15,"column":2}},"2":{"start":{"line":17,"column":0},"end":{"line":17,"column":24}}},"fnMap":{},"branchMap":{},"s":{"0":1,"1":1,"2":1},"f":{},"b":{},"_coverageSchema":"1a1c01bbd47fc00a2c39e90264f33305004495a9","hash":"0673e81b1fb843f9a49d7b99efa1735149f6a8f5"}
,"/usr/src/app/src/controllers/authController.js": {"path":"/usr/src/app/src/controllers/authController.js","statementMap":{"0":{"start":{"line":1,"column":20},"end":{"line":1,"column":54}},"1":{"start":{"line":2,"column":15},"end":{"line":2,"column":44}},"2":{"start":{"line":3,"column":15},"end":{"line":3,"column":42}},"3":{"start":{"line":9,"column":4},"end":{"line":54,"column":5}},"4":{"start":{"line":11,"column":43},"end":{"line":11,"column":51}},"5":{"start":{"line":13,"column":6},"end":{"line":17,"column":9}},"6":{"start":{"line":21,"column":6},"end":{"line":33,"column":7}},"7":{"start":{"line":23,"column":8},"end":{"line":26,"column":11}},"8":{"start":{"line":28,"column":8},"end":{"line":31,"column":11}},"9":{"start":{"line":35,"column":21},"end":{"line":35,"column":70}},"10":{"start":{"line":37,"column":6},"end":{"line":40,"column":9}},"11":{"start":{"line":42,"column":6},"end":{"line":42,"column":23}},"12":{"start":{"line":46,"column":6},"end":{"line":50,"column":9}},"13":{"start":{"line":52,"column":6},"end":{"line":52,"column":18}},"14":{"start":{"line":60,"column":4},"end":{"line":104,"column":5}},"15":{"start":{"line":62,"column":25},"end":{"line":62,"column":50}},"16":{"start":{"line":64,"column":6},"end":{"line":76,"column":7}},"17":{"start":{"line":66,"column":8},"end":{"line":69,"column":11}},"18":{"start":{"line":71,"column":8},"end":{"line":74,"column":11}},"19":{"start":{"line":78,"column":20},"end":{"line":78,"column":44}},"20":{"start":{"line":80,"column":6},"end":{"line":82,"column":9}},"21":{"start":{"line":84,"column":6},"end":{"line":87,"column":9}},"22":{"start":{"line":89,"column":6},"end":{"line":92,"column":9}},"23":{"start":{"line":96,"column":6},"end":{"line":100,"column":9}},"24":{"start":{"line":102,"column":6},"end":{"line":102,"column":18}},"25":{"start":{"line":110,"column":0},"end":{"line":110,"column":38}}},"fnMap":{"0":{"name":"(anonymous_0)","decl":{"start":{"line":7,"column":2},"end":{"line":7,"column":3}},"loc":{"start":{"line":7,"column":30},"end":{"line":56,"column":3}},"line":7},"1":{"name":"(anonymous_1)","decl":{"start":{"line":58,"column":2},"end":{"line":58,"column":3}},"loc":{"start":{"line":58,"column":31},"end":{"line":106,"column":3}},"line":58}},"branchMap":{"0":{"loc":{"start":{"line":21,"column":6},"end":{"line":33,"column":7}},"type":"if","locations":[{"start":{"line":21,"column":6},"end":{"line":33,"column":7}},{"start":{},"end":{}}],"line":21},"1":{"loc":{"start":{"line":21,"column":10},"end":{"line":21,"column":38}},"type":"binary-expr","locations":[{"start":{"line":21,"column":10},"end":{"line":21,"column":21}},{"start":{"line":21,"column":25},"end":{"line":21,"column":38}}],"line":21},"2":{"loc":{"start":{"line":64,"column":6},"end":{"line":76,"column":7}},"type":"if","locations":[{"start":{"line":64,"column":6},"end":{"line":76,"column":7}},{"start":{},"end":{}}],"line":64}},"s":{"0":1,"1":1,"2":1,"3":3,"4":3,"5":3,"6":3,"7":3,"8":3,"9":0,"10":0,"11":0,"12":0,"13":0,"14":0,"15":0,"16":0,"17":0,"18":0,"19":0,"20":0,"21":0,"22":0,"23":0,"24":0,"25":1},"f":{"0":3,"1":0},"b":{"0":[3,0],"1":[3,0],"2":[0,0]},"_coverageSchema":"1a1c01bbd47fc00a2c39e90264f33305004495a9","hash":"2581b03a905fa5b8a84494ec18c136d59fb529be"}
,"/usr/src/app/src/controllers/cajaController.js": {"path":"/usr/src/app/src/controllers/cajaController.js","statementMap":{"0":{"start":{"line":1,"column":20},"end":{"line":1,"column":54}},"1":{"start":{"line":2,"column":15},"end":{"line":2,"column":42}},"2":{"start":{"line":4,"column":0},"end":{"line":33,"column":2}},"3":{"start":{"line":6,"column":2},"end":{"line":31,"column":3}},"4":{"start":{"line":8,"column":4},"end":{"line":11,"column":7}},"5":{"start":{"line":13,"column":17},"end":{"line":13,"column":64}},"6":{"start":{"line":15,"column":4},"end":{"line":18,"column":7}},"7":{"start":{"line":20,"column":4},"end":{"line":20,"column":19}},"8":{"start":{"line":24,"column":4},"end":{"line":27,"column":7}},"9":{"start":{"line":29,"column":4},"end":{"line":29,"column":14}},"10":{"start":{"line":35,"column":0},"end":{"line":59,"column":2}},"11":{"start":{"line":37,"column":2},"end":{"line":57,"column":3}},"12":{"start":{"line":39,"column":4},"end":{"line":42,"column":7}},"13":{"start":{"line":44,"column":17},"end":{"line":44,"column":55}},"14":{"start":{"line":46,"column":4},"end":{"line":46,"column":19}},"15":{"start":{"line":50,"column":4},"end":{"line":53,"column":7}},"16":{"start":{"line":55,"column":4},"end":{"line":55,"column":14}},"17":{"start":{"line":61,"column":0},"end":{"line":90,"column":2}},"18":{"start":{"line":63,"column":2},"end":{"line":88,"column":3}},"19":{"start":{"line":65,"column":4},"end":{"line":68,"column":7}},"20":{"start":{"line":70,"column":17},"end":{"line":70,"column":55}},"21":{"start":{"line":72,"column":4},"end":{"line":75,"column":7}},"22":{"start":{"line":77,"column":4},"end":{"line":77,"column":19}},"23":{"start":{"line":81,"column":4},"end":{"line":84,"column":7}},"24":{"start":{"line":86,"column":4},"end":{"line":86,"column":14}},"25":{"start":{"line":92,"column":0},"end":{"line":116,"column":2}},"26":{"start":{"line":94,"column":2},"end":{"line":114,"column":3}},"27":{"start":{"line":96,"column":4},"end":{"line":99,"column":7}},"28":{"start":{"line":101,"column":18},"end":{"line":101,"column":61}},"29":{"start":{"line":103,"column":4},"end":{"line":103,"column":20}},"30":{"start":{"line":107,"column":4},"end":{"line":110,"column":7}},"31":{"start":{"line":112,"column":4},"end":{"line":112,"column":14}},"32":{"start":{"line":118,"column":0},"end":{"line":142,"column":2}},"33":{"start":{"line":120,"column":2},"end":{"line":140,"column":3}},"34":{"start":{"line":122,"column":4},"end":{"line":125,"column":7}},"35":{"start":{"line":127,"column":19},"end":{"line":127,"column":59}},"36":{"start":{"line":129,"column":4},"end":{"line":129,"column":21}},"37":{"start":{"line":133,"column":4},"end":{"line":136,"column":7}},"38":{"start":{"line":138,"column":4},"end":{"line":138,"column":14}},"39":{"start":{"line":144,"column":0},"end":{"line":168,"column":2}},"40":{"start":{"line":146,"column":2},"end":{"line":166,"column":3}},"41":{"start":{"line":148,"column":4},"end":{"line":151,"column":7}},"42":{"start":{"line":153,"column":16},"end":{"line":153,"column":56}},"43":{"start":{"line":155,"column":4},"end":{"line":155,"column":18}},"44":{"start":{"line":159,"column":4},"end":{"line":162,"column":7}},"45":{"start":{"line":164,"column":4},"end":{"line":164,"column":14}}},"fnMap":{"0":{"name":"(anonymous_0)","decl":{"start":{"line":4,"column":20},"end":{"line":4,"column":21}},"loc":{"start":{"line":4,"column":46},"end":{"line":33,"column":1}},"line":4},"1":{"name":"(anonymous_1)","decl":{"start":{"line":35,"column":21},"end":{"line":35,"column":22}},"loc":{"start":{"line":35,"column":47},"end":{"line":59,"column":1}},"line":35},"2":{"name":"(anonymous_2)","decl":{"start":{"line":61,"column":21},"end":{"line":61,"column":22}},"loc":{"start":{"line":61,"column":47},"end":{"line":90,"column":1}},"line":61},"3":{"name":"(anonymous_3)","decl":{"start":{"line":92,"column":19},"end":{"line":92,"column":20}},"loc":{"start":{"line":92,"column":45},"end":{"line":116,"column":1}},"line":92},"4":{"name":"(anonymous_4)","decl":{"start":{"line":118,"column":20},"end":{"line":118,"column":21}},"loc":{"start":{"line":118,"column":46},"end":{"line":142,"column":1}},"line":118},"5":{"name":"(anonymous_5)","decl":{"start":{"line":144,"column":23},"end":{"line":144,"column":24}},"loc":{"start":{"line":144,"column":49},"end":{"line":168,"column":1}},"line":144}},"branchMap":{},"s":{"0":1,"1":1,"2":1,"3":0,"4":0,"5":0,"6":0,"7":0,"8":0,"9":0,"10":1,"11":0,"12":0,"13":0,"14":0,"15":0,"16":0,"17":1,"18":0,"19":0,"20":0,"21":0,"22":0,"23":0,"24":0,"25":1,"26":0,"27":0,"28":0,"29":0,"30":0,"31":0,"32":1,"33":0,"34":0,"35":0,"36":0,"37":0,"38":0,"39":1,"40":0,"41":0,"42":0,"43":0,"44":0,"45":0},"f":{"0":0,"1":0,"2":0,"3":0,"4":0,"5":0},"b":{},"_coverageSchema":"1a1c01bbd47fc00a2c39e90264f33305004495a9","hash":"73b16ec689cdc5510a43b505ee06a19238b21b65"}
,"/usr/src/app/src/controllers/cancionController.js": {"path":"/usr/src/app/src/controllers/cancionController.js","statementMap":{"0":{"start":{"line":1,"column":23},"end":{"line":1,"column":60}},"1":{"start":{"line":2,"column":15},"end":{"line":2,"column":42}},"2":{"start":{"line":4,"column":0},"end":{"line":31,"column":2}},"3":{"start":{"line":6,"column":2},"end":{"line":29,"column":3}},"4":{"start":{"line":8,"column":4},"end":{"line":11,"column":7}},"5":{"start":{"line":13,"column":22},"end":{"line":13,"column":69}},"6":{"start":{"line":15,"column":4},"end":{"line":18,"column":7}},"7":{"start":{"line":22,"column":4},"end":{"line":25,"column":7}},"8":{"start":{"line":27,"column":4},"end":{"line":27,"column":14}},"9":{"start":{"line":33,"column":0},"end":{"line":57,"column":2}},"10":{"start":{"line":35,"column":2},"end":{"line":55,"column":3}},"11":{"start":{"line":37,"column":4},"end":{"line":40,"column":7}},"12":{"start":{"line":42,"column":22},"end":{"line":42,"column":59}},"13":{"start":{"line":44,"column":4},"end":{"line":44,"column":24}},"14":{"start":{"line":48,"column":4},"end":{"line":51,"column":7}},"15":{"start":{"line":53,"column":4},"end":{"line":53,"column":14}},"16":{"start":{"line":59,"column":0},"end":{"line":83,"column":2}},"17":{"start":{"line":61,"column":2},"end":{"line":81,"column":3}},"18":{"start":{"line":63,"column":4},"end":{"line":66,"column":7}},"19":{"start":{"line":68,"column":20},"end":{"line":68,"column":67}},"20":{"start":{"line":70,"column":4},"end":{"line":70,"column":22}},"21":{"start":{"line":74,"column":4},"end":{"line":77,"column":7}},"22":{"start":{"line":79,"column":4},"end":{"line":79,"column":14}},"23":{"start":{"line":85,"column":0},"end":{"line":114,"column":2}},"24":{"start":{"line":87,"column":2},"end":{"line":112,"column":3}},"25":{"start":{"line":89,"column":4},"end":{"line":93,"column":7}},"26":{"start":{"line":95,"column":20},"end":{"line":99,"column":5}},"27":{"start":{"line":101,"column":4},"end":{"line":101,"column":22}},"28":{"start":{"line":105,"column":4},"end":{"line":108,"column":7}},"29":{"start":{"line":110,"column":4},"end":{"line":110,"column":14}},"30":{"start":{"line":116,"column":0},"end":{"line":144,"column":2}},"31":{"start":{"line":118,"column":2},"end":{"line":142,"column":3}},"32":{"start":{"line":120,"column":4},"end":{"line":124,"column":7}},"33":{"start":{"line":126,"column":4},"end":{"line":126,"column":57}},"34":{"start":{"line":128,"column":4},"end":{"line":131,"column":7}},"35":{"start":{"line":135,"column":4},"end":{"line":138,"column":7}},"36":{"start":{"line":140,"column":4},"end":{"line":140,"column":14}}},"fnMap":{"0":{"name":"(anonymous_0)","decl":{"start":{"line":4,"column":24},"end":{"line":4,"column":25}},"loc":{"start":{"line":4,"column":50},"end":{"line":31,"column":1}},"line":4},"1":{"name":"(anonymous_1)","decl":{"start":{"line":33,"column":17},"end":{"line":33,"column":18}},"loc":{"start":{"line":33,"column":43},"end":{"line":57,"column":1}},"line":33},"2":{"name":"(anonymous_2)","decl":{"start":{"line":59,"column":17},"end":{"line":59,"column":18}},"loc":{"start":{"line":59,"column":43},"end":{"line":83,"column":1}},"line":59},"3":{"name":"(anonymous_3)","decl":{"start":{"line":85,"column":17},"end":{"line":85,"column":18}},"loc":{"start":{"line":85,"column":43},"end":{"line":114,"column":1}},"line":85},"4":{"name":"(anonymous_4)","decl":{"start":{"line":116,"column":17},"end":{"line":116,"column":18}},"loc":{"start":{"line":116,"column":43},"end":{"line":144,"column":1}},"line":116}},"branchMap":{},"s":{"0":1,"1":1,"2":1,"3":0,"4":0,"5":0,"6":0,"7":0,"8":0,"9":1,"10":0,"11":0,"12":0,"13":0,"14":0,"15":0,"16":1,"17":0,"18":0,"19":0,"20":0,"21":0,"22":0,"23":1,"24":0,"25":0,"26":0,"27":0,"28":0,"29":0,"30":1,"31":0,"32":0,"33":0,"34":0,"35":0,"36":0},"f":{"0":0,"1":0,"2":0,"3":0,"4":0},"b":{},"_coverageSchema":"1a1c01bbd47fc00a2c39e90264f33305004495a9","hash":"9bbbed188a89e31fca5f9dfe7908e75fe3bae9e7"}
,"/usr/src/app/src/controllers/horarioController.js": {"path":"/usr/src/app/src/controllers/horarioController.js","statementMap":{"0":{"start":{"line":1,"column":23},"end":{"line":1,"column":60}},"1":{"start":{"line":2,"column":15},"end":{"line":2,"column":42}},"2":{"start":{"line":4,"column":0},"end":{"line":28,"column":2}},"3":{"start":{"line":6,"column":2},"end":{"line":26,"column":3}},"4":{"start":{"line":8,"column":4},"end":{"line":11,"column":7}},"5":{"start":{"line":13,"column":21},"end":{"line":13,"column":58}},"6":{"start":{"line":15,"column":4},"end":{"line":15,"column":23}},"7":{"start":{"line":19,"column":4},"end":{"line":22,"column":7}},"8":{"start":{"line":24,"column":4},"end":{"line":24,"column":14}},"9":{"start":{"line":30,"column":0},"end":{"line":57,"column":2}},"10":{"start":{"line":32,"column":2},"end":{"line":55,"column":3}},"11":{"start":{"line":34,"column":4},"end":{"line":37,"column":7}},"12":{"start":{"line":39,"column":21},"end":{"line":42,"column":5}},"13":{"start":{"line":44,"column":4},"end":{"line":44,"column":23}},"14":{"start":{"line":48,"column":4},"end":{"line":51,"column":7}},"15":{"start":{"line":53,"column":4},"end":{"line":53,"column":14}},"16":{"start":{"line":59,"column":0},"end":{"line":83,"column":2}},"17":{"start":{"line":61,"column":2},"end":{"line":81,"column":3}},"18":{"start":{"line":63,"column":4},"end":{"line":66,"column":7}},"19":{"start":{"line":68,"column":20},"end":{"line":68,"column":67}},"20":{"start":{"line":70,"column":4},"end":{"line":70,"column":22}},"21":{"start":{"line":74,"column":4},"end":{"line":77,"column":7}},"22":{"start":{"line":79,"column":4},"end":{"line":79,"column":14}},"23":{"start":{"line":85,"column":0},"end":{"line":113,"column":2}},"24":{"start":{"line":87,"column":2},"end":{"line":111,"column":3}},"25":{"start":{"line":89,"column":4},"end":{"line":92,"column":7}},"26":{"start":{"line":94,"column":20},"end":{"line":98,"column":5}},"27":{"start":{"line":100,"column":4},"end":{"line":100,"column":22}},"28":{"start":{"line":104,"column":4},"end":{"line":107,"column":7}},"29":{"start":{"line":109,"column":4},"end":{"line":109,"column":14}},"30":{"start":{"line":115,"column":0},"end":{"line":142,"column":2}},"31":{"start":{"line":117,"column":2},"end":{"line":140,"column":3}},"32":{"start":{"line":119,"column":4},"end":{"line":122,"column":7}},"33":{"start":{"line":124,"column":4},"end":{"line":124,"column":57}},"34":{"start":{"line":126,"column":4},"end":{"line":129,"column":7}},"35":{"start":{"line":133,"column":4},"end":{"line":136,"column":7}},"36":{"start":{"line":138,"column":4},"end":{"line":138,"column":14}}},"fnMap":{"0":{"name":"(anonymous_0)","decl":{"start":{"line":4,"column":17},"end":{"line":4,"column":18}},"loc":{"start":{"line":4,"column":43},"end":{"line":28,"column":1}},"line":4},"1":{"name":"(anonymous_1)","decl":{"start":{"line":30,"column":25},"end":{"line":30,"column":26}},"loc":{"start":{"line":30,"column":51},"end":{"line":57,"column":1}},"line":30},"2":{"name":"(anonymous_2)","decl":{"start":{"line":59,"column":17},"end":{"line":59,"column":18}},"loc":{"start":{"line":59,"column":43},"end":{"line":83,"column":1}},"line":59},"3":{"name":"(anonymous_3)","decl":{"start":{"line":85,"column":17},"end":{"line":85,"column":18}},"loc":{"start":{"line":85,"column":43},"end":{"line":113,"column":1}},"line":85},"4":{"name":"(anonymous_4)","decl":{"start":{"line":115,"column":17},"end":{"line":115,"column":18}},"loc":{"start":{"line":115,"column":43},"end":{"line":142,"column":1}},"line":115}},"branchMap":{},"s":{"0":1,"1":1,"2":1,"3":0,"4":0,"5":0,"6":0,"7":0,"8":0,"9":1,"10":0,"11":0,"12":0,"13":0,"14":0,"15":0,"16":1,"17":0,"18":0,"19":0,"20":0,"21":0,"22":0,"23":1,"24":0,"25":0,"26":0,"27":0,"28":0,"29":0,"30":1,"31":0,"32":0,"33":0,"34":0,"35":0,"36":0},"f":{"0":0,"1":0,"2":0,"3":0,"4":0},"b":{},"_coverageSchema":"1a1c01bbd47fc00a2c39e90264f33305004495a9","hash":"08cd5798b777d19f83957e3a38cf64809fd24ff1"}
,"/usr/src/app/src/controllers/mesaController.js": {"path":"/usr/src/app/src/controllers/mesaController.js","statementMap":{"0":{"start":{"line":1,"column":20},"end":{"line":1,"column":54}},"1":{"start":{"line":2,"column":15},"end":{"line":2,"column":42}},"2":{"start":{"line":4,"column":0},"end":{"line":24,"column":2}},"3":{"start":{"line":5,"column":2},"end":{"line":23,"column":3}},"4":{"start":{"line":7,"column":4},"end":{"line":9,"column":7}},"5":{"start":{"line":11,"column":18},"end":{"line":11,"column":44}},"6":{"start":{"line":13,"column":4},"end":{"line":13,"column":20}},"7":{"start":{"line":17,"column":4},"end":{"line":20,"column":7}},"8":{"start":{"line":22,"column":4},"end":{"line":22,"column":14}},"9":{"start":{"line":26,"column":0},"end":{"line":50,"column":2}},"10":{"start":{"line":27,"column":2},"end":{"line":49,"column":3}},"11":{"start":{"line":29,"column":4},"end":{"line":32,"column":7}},"12":{"start":{"line":34,"column":17},"end":{"line":37,"column":5}},"13":{"start":{"line":39,"column":4},"end":{"line":39,"column":19}},"14":{"start":{"line":43,"column":4},"end":{"line":46,"column":7}},"15":{"start":{"line":48,"column":4},"end":{"line":48,"column":14}},"16":{"start":{"line":52,"column":0},"end":{"line":78,"column":2}},"17":{"start":{"line":53,"column":2},"end":{"line":77,"column":3}},"18":{"start":{"line":55,"column":4},"end":{"line":59,"column":7}},"19":{"start":{"line":61,"column":17},"end":{"line":65,"column":5}},"20":{"start":{"line":67,"column":4},"end":{"line":67,"column":19}},"21":{"start":{"line":71,"column":4},"end":{"line":74,"column":7}},"22":{"start":{"line":76,"column":4},"end":{"line":76,"column":14}},"23":{"start":{"line":80,"column":0},"end":{"line":108,"column":2}},"24":{"start":{"line":81,"column":2},"end":{"line":107,"column":3}},"25":{"start":{"line":83,"column":4},"end":{"line":87,"column":7}},"26":{"start":{"line":89,"column":4},"end":{"line":92,"column":6}},"27":{"start":{"line":94,"column":4},"end":{"line":97,"column":7}},"28":{"start":{"line":101,"column":4},"end":{"line":104,"column":7}},"29":{"start":{"line":106,"column":4},"end":{"line":106,"column":14}}},"fnMap":{"0":{"name":"(anonymous_0)","decl":{"start":{"line":4,"column":17},"end":{"line":4,"column":18}},"loc":{"start":{"line":4,"column":39},"end":{"line":24,"column":1}},"line":4},"1":{"name":"(anonymous_1)","decl":{"start":{"line":26,"column":17},"end":{"line":26,"column":18}},"loc":{"start":{"line":26,"column":39},"end":{"line":50,"column":1}},"line":26},"2":{"name":"(anonymous_2)","decl":{"start":{"line":52,"column":17},"end":{"line":52,"column":18}},"loc":{"start":{"line":52,"column":39},"end":{"line":78,"column":1}},"line":52},"3":{"name":"(anonymous_3)","decl":{"start":{"line":80,"column":17},"end":{"line":80,"column":18}},"loc":{"start":{"line":80,"column":39},"end":{"line":108,"column":1}},"line":80}},"branchMap":{},"s":{"0":1,"1":1,"2":1,"3":0,"4":0,"5":0,"6":0,"7":0,"8":0,"9":1,"10":0,"11":0,"12":0,"13":0,"14":0,"15":0,"16":1,"17":0,"18":0,"19":0,"20":0,"21":0,"22":0,"23":1,"24":0,"25":0,"26":0,"27":0,"28":0,"29":0},"f":{"0":0,"1":0,"2":0,"3":0},"b":{},"_coverageSchema":"1a1c01bbd47fc00a2c39e90264f33305004495a9","hash":"a2c5818b46f693d82573070117b889b17e9260f5"}
,"/usr/src/app/src/controllers/parqueaderoController.js": {"path":"/usr/src/app/src/controllers/parqueaderoController.js","statementMap":{"0":{"start":{"line":1,"column":27},"end":{"line":1,"column":68}},"1":{"start":{"line":2,"column":15},"end":{"line":2,"column":42}},"2":{"start":{"line":4,"column":0},"end":{"line":24,"column":2}},"3":{"start":{"line":5,"column":2},"end":{"line":23,"column":3}},"4":{"start":{"line":7,"column":4},"end":{"line":9,"column":7}},"5":{"start":{"line":11,"column":25},"end":{"line":11,"column":58}},"6":{"start":{"line":13,"column":4},"end":{"line":13,"column":27}},"7":{"start":{"line":17,"column":4},"end":{"line":20,"column":7}},"8":{"start":{"line":22,"column":4},"end":{"line":22,"column":14}},"9":{"start":{"line":26,"column":0},"end":{"line":50,"column":2}},"10":{"start":{"line":27,"column":2},"end":{"line":49,"column":3}},"11":{"start":{"line":29,"column":4},"end":{"line":32,"column":7}},"12":{"start":{"line":34,"column":24},"end":{"line":37,"column":5}},"13":{"start":{"line":39,"column":4},"end":{"line":39,"column":26}},"14":{"start":{"line":43,"column":4},"end":{"line":46,"column":7}},"15":{"start":{"line":48,"column":4},"end":{"line":48,"column":14}},"16":{"start":{"line":52,"column":0},"end":{"line":77,"column":2}},"17":{"start":{"line":53,"column":2},"end":{"line":76,"column":3}},"18":{"start":{"line":55,"column":4},"end":{"line":58,"column":7}},"19":{"start":{"line":60,"column":24},"end":{"line":64,"column":5}},"20":{"start":{"line":66,"column":4},"end":{"line":66,"column":26}},"21":{"start":{"line":70,"column":4},"end":{"line":73,"column":7}},"22":{"start":{"line":75,"column":4},"end":{"line":75,"column":14}},"23":{"start":{"line":79,"column":0},"end":{"line":106,"column":2}},"24":{"start":{"line":80,"column":2},"end":{"line":105,"column":3}},"25":{"start":{"line":82,"column":4},"end":{"line":85,"column":7}},"26":{"start":{"line":87,"column":4},"end":{"line":90,"column":6}},"27":{"start":{"line":92,"column":4},"end":{"line":95,"column":7}},"28":{"start":{"line":99,"column":4},"end":{"line":102,"column":7}},"29":{"start":{"line":104,"column":4},"end":{"line":104,"column":14}}},"fnMap":{"0":{"name":"(anonymous_0)","decl":{"start":{"line":4,"column":17},"end":{"line":4,"column":18}},"loc":{"start":{"line":4,"column":38},"end":{"line":24,"column":1}},"line":4},"1":{"name":"(anonymous_1)","decl":{"start":{"line":26,"column":17},"end":{"line":26,"column":18}},"loc":{"start":{"line":26,"column":38},"end":{"line":50,"column":1}},"line":26},"2":{"name":"(anonymous_2)","decl":{"start":{"line":52,"column":17},"end":{"line":52,"column":18}},"loc":{"start":{"line":52,"column":38},"end":{"line":77,"column":1}},"line":52},"3":{"name":"(anonymous_3)","decl":{"start":{"line":79,"column":17},"end":{"line":79,"column":18}},"loc":{"start":{"line":79,"column":38},"end":{"line":106,"column":1}},"line":79}},"branchMap":{},"s":{"0":1,"1":1,"2":1,"3":0,"4":0,"5":0,"6":0,"7":0,"8":0,"9":1,"10":0,"11":0,"12":0,"13":0,"14":0,"15":0,"16":1,"17":0,"18":0,"19":0,"20":0,"21":0,"22":0,"23":1,"24":0,"25":0,"26":0,"27":0,"28":0,"29":0},"f":{"0":0,"1":0,"2":0,"3":0},"b":{},"_coverageSchema":"1a1c01bbd47fc00a2c39e90264f33305004495a9","hash":"ad2d14be27b254f8a77a4b3cb4c63b6a60b4219f"}
,"/usr/src/app/src/controllers/productoController.js": {"path":"/usr/src/app/src/controllers/productoController.js","statementMap":{"0":{"start":{"line":1,"column":24},"end":{"line":1,"column":62}},"1":{"start":{"line":2,"column":15},"end":{"line":2,"column":42}},"2":{"start":{"line":4,"column":0},"end":{"line":27,"column":2}},"3":{"start":{"line":6,"column":2},"end":{"line":25,"column":3}},"4":{"start":{"line":8,"column":4},"end":{"line":11,"column":7}},"5":{"start":{"line":13,"column":22},"end":{"line":13,"column":60}},"6":{"start":{"line":15,"column":4},"end":{"line":15,"column":24}},"7":{"start":{"line":19,"column":4},"end":{"line":22,"column":7}},"8":{"start":{"line":24,"column":4},"end":{"line":24,"column":14}},"9":{"start":{"line":29,"column":0},"end":{"line":55,"column":2}},"10":{"start":{"line":31,"column":2},"end":{"line":53,"column":3}},"11":{"start":{"line":33,"column":4},"end":{"line":36,"column":7}},"12":{"start":{"line":38,"column":21},"end":{"line":41,"column":5}},"13":{"start":{"line":43,"column":4},"end":{"line":43,"column":23}},"14":{"start":{"line":47,"column":4},"end":{"line":50,"column":7}},"15":{"start":{"line":52,"column":4},"end":{"line":52,"column":14}},"16":{"start":{"line":57,"column":0},"end":{"line":83,"column":2}},"17":{"start":{"line":59,"column":2},"end":{"line":81,"column":3}},"18":{"start":{"line":61,"column":4},"end":{"line":64,"column":7}},"19":{"start":{"line":66,"column":21},"end":{"line":69,"column":5}},"20":{"start":{"line":71,"column":4},"end":{"line":71,"column":23}},"21":{"start":{"line":75,"column":4},"end":{"line":78,"column":7}},"22":{"start":{"line":80,"column":4},"end":{"line":80,"column":14}},"23":{"start":{"line":85,"column":0},"end":{"line":112,"column":2}},"24":{"start":{"line":87,"column":2},"end":{"line":110,"column":3}},"25":{"start":{"line":89,"column":4},"end":{"line":92,"column":7}},"26":{"start":{"line":94,"column":21},"end":{"line":98,"column":5}},"27":{"start":{"line":100,"column":4},"end":{"line":100,"column":23}},"28":{"start":{"line":104,"column":4},"end":{"line":107,"column":7}},"29":{"start":{"line":109,"column":4},"end":{"line":109,"column":14}},"30":{"start":{"line":114,"column":0},"end":{"line":143,"column":2}},"31":{"start":{"line":116,"column":2},"end":{"line":141,"column":3}},"32":{"start":{"line":118,"column":4},"end":{"line":121,"column":7}},"33":{"start":{"line":123,"column":4},"end":{"line":126,"column":6}},"34":{"start":{"line":128,"column":4},"end":{"line":131,"column":7}},"35":{"start":{"line":135,"column":4},"end":{"line":138,"column":7}},"36":{"start":{"line":140,"column":4},"end":{"line":140,"column":14}}},"fnMap":{"0":{"name":"(anonymous_0)","decl":{"start":{"line":4,"column":17},"end":{"line":4,"column":18}},"loc":{"start":{"line":4,"column":41},"end":{"line":27,"column":1}},"line":4},"1":{"name":"(anonymous_1)","decl":{"start":{"line":29,"column":18},"end":{"line":29,"column":19}},"loc":{"start":{"line":29,"column":42},"end":{"line":55,"column":1}},"line":29},"2":{"name":"(anonymous_2)","decl":{"start":{"line":57,"column":17},"end":{"line":57,"column":18}},"loc":{"start":{"line":57,"column":41},"end":{"line":83,"column":1}},"line":57},"3":{"name":"(anonymous_3)","decl":{"start":{"line":85,"column":17},"end":{"line":85,"column":18}},"loc":{"start":{"line":85,"column":41},"end":{"line":112,"column":1}},"line":85},"4":{"name":"(anonymous_4)","decl":{"start":{"line":114,"column":17},"end":{"line":114,"column":18}},"loc":{"start":{"line":114,"column":41},"end":{"line":143,"column":1}},"line":114}},"branchMap":{},"s":{"0":1,"1":1,"2":1,"3":0,"4":0,"5":0,"6":0,"7":0,"8":0,"9":1,"10":0,"11":0,"12":0,"13":0,"14":0,"15":0,"16":1,"17":0,"18":0,"19":0,"20":0,"21":0,"22":0,"23":1,"24":0,"25":0,"26":0,"27":0,"28":0,"29":0,"30":1,"31":0,"32":0,"33":0,"34":0,"35":0,"36":0},"f":{"0":0,"1":0,"2":0,"3":0,"4":0},"b":{},"_coverageSchema":"1a1c01bbd47fc00a2c39e90264f33305004495a9","hash":"58f8a75a1687c7f02ab3f0edb36069029aa250af"}
,"/usr/src/app/src/controllers/reservaController.js": {"path":"/usr/src/app/src/controllers/reservaController.js","statementMap":{"0":{"start":{"line":1,"column":23},"end":{"line":1,"column":60}},"1":{"start":{"line":2,"column":15},"end":{"line":2,"column":42}},"2":{"start":{"line":4,"column":0},"end":{"line":28,"column":2}},"3":{"start":{"line":6,"column":2},"end":{"line":26,"column":3}},"4":{"start":{"line":8,"column":4},"end":{"line":11,"column":7}},"5":{"start":{"line":13,"column":21},"end":{"line":13,"column":58}},"6":{"start":{"line":15,"column":4},"end":{"line":15,"column":23}},"7":{"start":{"line":19,"column":4},"end":{"line":22,"column":7}},"8":{"start":{"line":24,"column":4},"end":{"line":24,"column":14}},"9":{"start":{"line":30,"column":0},"end":{"line":54,"column":2}},"10":{"start":{"line":32,"column":2},"end":{"line":52,"column":3}},"11":{"start":{"line":34,"column":4},"end":{"line":37,"column":7}},"12":{"start":{"line":39,"column":21},"end":{"line":39,"column":64}},"13":{"start":{"line":41,"column":4},"end":{"line":41,"column":23}},"14":{"start":{"line":45,"column":4},"end":{"line":48,"column":7}},"15":{"start":{"line":50,"column":4},"end":{"line":50,"column":14}},"16":{"start":{"line":56,"column":0},"end":{"line":83,"column":2}},"17":{"start":{"line":58,"column":2},"end":{"line":81,"column":3}},"18":{"start":{"line":60,"column":4},"end":{"line":63,"column":7}},"19":{"start":{"line":65,"column":20},"end":{"line":68,"column":5}},"20":{"start":{"line":70,"column":4},"end":{"line":70,"column":22}},"21":{"start":{"line":74,"column":4},"end":{"line":77,"column":7}},"22":{"start":{"line":79,"column":4},"end":{"line":79,"column":14}},"23":{"start":{"line":85,"column":0},"end":{"line":113,"column":2}},"24":{"start":{"line":87,"column":2},"end":{"line":111,"column":3}},"25":{"start":{"line":89,"column":4},"end":{"line":92,"column":7}},"26":{"start":{"line":94,"column":20},"end":{"line":98,"column":5}},"27":{"start":{"line":100,"column":4},"end":{"line":100,"column":22}},"28":{"start":{"line":104,"column":4},"end":{"line":107,"column":7}},"29":{"start":{"line":109,"column":4},"end":{"line":109,"column":14}},"30":{"start":{"line":115,"column":0},"end":{"line":145,"column":2}},"31":{"start":{"line":117,"column":2},"end":{"line":143,"column":3}},"32":{"start":{"line":119,"column":4},"end":{"line":122,"column":7}},"33":{"start":{"line":124,"column":4},"end":{"line":127,"column":6}},"34":{"start":{"line":129,"column":4},"end":{"line":132,"column":7}},"35":{"start":{"line":136,"column":4},"end":{"line":139,"column":7}},"36":{"start":{"line":141,"column":4},"end":{"line":141,"column":14}},"37":{"start":{"line":147,"column":0},"end":{"line":175,"column":2}},"38":{"start":{"line":149,"column":2},"end":{"line":173,"column":3}},"39":{"start":{"line":151,"column":4},"end":{"line":155,"column":7}},"40":{"start":{"line":157,"column":18},"end":{"line":160,"column":5}},"41":{"start":{"line":162,"column":4},"end":{"line":162,"column":20}},"42":{"start":{"line":166,"column":4},"end":{"line":169,"column":7}},"43":{"start":{"line":171,"column":4},"end":{"line":171,"column":14}},"44":{"start":{"line":177,"column":0},"end":{"line":203,"column":2}},"45":{"start":{"line":179,"column":2},"end":{"line":201,"column":3}},"46":{"start":{"line":181,"column":4},"end":{"line":183,"column":7}},"47":{"start":{"line":185,"column":17},"end":{"line":188,"column":5}},"48":{"start":{"line":190,"column":4},"end":{"line":190,"column":19}},"49":{"start":{"line":194,"column":4},"end":{"line":197,"column":7}},"50":{"start":{"line":199,"column":4},"end":{"line":199,"column":14}},"51":{"start":{"line":205,"column":0},"end":{"line":232,"column":2}},"52":{"start":{"line":207,"column":2},"end":{"line":230,"column":3}},"53":{"start":{"line":209,"column":4},"end":{"line":212,"column":7}},"54":{"start":{"line":214,"column":17},"end":{"line":217,"column":5}},"55":{"start":{"line":219,"column":4},"end":{"line":219,"column":19}},"56":{"start":{"line":223,"column":4},"end":{"line":226,"column":7}},"57":{"start":{"line":228,"column":4},"end":{"line":228,"column":14}}},"fnMap":{"0":{"name":"(anonymous_0)","decl":{"start":{"line":4,"column":17},"end":{"line":4,"column":18}},"loc":{"start":{"line":4,"column":39},"end":{"line":28,"column":1}},"line":4},"1":{"name":"(anonymous_1)","decl":{"start":{"line":30,"column":25},"end":{"line":30,"column":26}},"loc":{"start":{"line":30,"column":47},"end":{"line":54,"column":1}},"line":30},"2":{"name":"(anonymous_2)","decl":{"start":{"line":56,"column":17},"end":{"line":56,"column":18}},"loc":{"start":{"line":56,"column":39},"end":{"line":83,"column":1}},"line":56},"3":{"name":"(anonymous_3)","decl":{"start":{"line":85,"column":17},"end":{"line":85,"column":18}},"loc":{"start":{"line":85,"column":39},"end":{"line":113,"column":1}},"line":85},"4":{"name":"(anonymous_4)","decl":{"start":{"line":115,"column":17},"end":{"line":115,"column":18}},"loc":{"start":{"line":115,"column":39},"end":{"line":145,"column":1}},"line":115},"5":{"name":"(anonymous_5)","decl":{"start":{"line":147,"column":30},"end":{"line":147,"column":31}},"loc":{"start":{"line":147,"column":51},"end":{"line":175,"column":1}},"line":147},"6":{"name":"(anonymous_6)","decl":{"start":{"line":177,"column":37},"end":{"line":177,"column":38}},"loc":{"start":{"line":177,"column":58},"end":{"line":203,"column":1}},"line":177},"7":{"name":"(anonymous_7)","decl":{"start":{"line":205,"column":23},"end":{"line":205,"column":24}},"loc":{"start":{"line":205,"column":44},"end":{"line":232,"column":1}},"line":205}},"branchMap":{},"s":{"0":1,"1":1,"2":1,"3":0,"4":0,"5":0,"6":0,"7":0,"8":0,"9":1,"10":0,"11":0,"12":0,"13":0,"14":0,"15":0,"16":1,"17":0,"18":0,"19":0,"20":0,"21":0,"22":0,"23":1,"24":0,"25":0,"26":0,"27":0,"28":0,"29":0,"30":1,"31":0,"32":0,"33":0,"34":0,"35":0,"36":0,"37":1,"38":0,"39":0,"40":0,"41":0,"42":0,"43":0,"44":1,"45":0,"46":0,"47":0,"48":0,"49":0,"50":0,"51":1,"52":0,"53":0,"54":0,"55":0,"56":0,"57":0},"f":{"0":0,"1":0,"2":0,"3":0,"4":0,"5":0,"6":0,"7":0},"b":{},"_coverageSchema":"1a1c01bbd47fc00a2c39e90264f33305004495a9","hash":"4cd9fe1a3987752f9520d1168c667d8a24960a03"}
,"/usr/src/app/src/controllers/rolController.js": {"path":"/usr/src/app/src/controllers/rolController.js","statementMap":{"0":{"start":{"line":1,"column":19},"end":{"line":1,"column":52}},"1":{"start":{"line":2,"column":15},"end":{"line":2,"column":42}},"2":{"start":{"line":4,"column":0},"end":{"line":27,"column":2}},"3":{"start":{"line":6,"column":2},"end":{"line":25,"column":3}},"4":{"start":{"line":8,"column":4},"end":{"line":10,"column":7}},"5":{"start":{"line":12,"column":18},"end":{"line":12,"column":43}},"6":{"start":{"line":14,"column":4},"end":{"line":14,"column":20}},"7":{"start":{"line":18,"column":4},"end":{"line":21,"column":7}},"8":{"start":{"line":23,"column":4},"end":{"line":23,"column":14}},"9":{"start":{"line":29,"column":0},"end":{"line":53,"column":2}},"10":{"start":{"line":31,"column":2},"end":{"line":51,"column":3}},"11":{"start":{"line":33,"column":4},"end":{"line":36,"column":7}},"12":{"start":{"line":38,"column":16},"end":{"line":38,"column":55}},"13":{"start":{"line":40,"column":4},"end":{"line":40,"column":18}},"14":{"start":{"line":44,"column":4},"end":{"line":47,"column":7}},"15":{"start":{"line":49,"column":4},"end":{"line":49,"column":14}},"16":{"start":{"line":55,"column":0},"end":{"line":82,"column":2}},"17":{"start":{"line":57,"column":2},"end":{"line":80,"column":3}},"18":{"start":{"line":59,"column":4},"end":{"line":61,"column":7}},"19":{"start":{"line":63,"column":16},"end":{"line":63,"column":49}},"20":{"start":{"line":65,"column":4},"end":{"line":69,"column":7}},"21":{"start":{"line":73,"column":4},"end":{"line":76,"column":7}},"22":{"start":{"line":78,"column":4},"end":{"line":78,"column":14}},"23":{"start":{"line":84,"column":0},"end":{"line":108,"column":2}},"24":{"start":{"line":86,"column":2},"end":{"line":106,"column":3}},"25":{"start":{"line":88,"column":4},"end":{"line":91,"column":7}},"26":{"start":{"line":93,"column":16},"end":{"line":93,"column":63}},"27":{"start":{"line":95,"column":4},"end":{"line":95,"column":18}},"28":{"start":{"line":99,"column":4},"end":{"line":102,"column":7}},"29":{"start":{"line":104,"column":4},"end":{"line":104,"column":14}},"30":{"start":{"line":110,"column":0},"end":{"line":137,"column":2}},"31":{"start":{"line":112,"column":2},"end":{"line":135,"column":3}},"32":{"start":{"line":114,"column":4},"end":{"line":117,"column":7}},"33":{"start":{"line":119,"column":4},"end":{"line":119,"column":43}},"34":{"start":{"line":121,"column":4},"end":{"line":124,"column":7}},"35":{"start":{"line":128,"column":4},"end":{"line":131,"column":7}},"36":{"start":{"line":133,"column":4},"end":{"line":133,"column":14}}},"fnMap":{"0":{"name":"(anonymous_0)","decl":{"start":{"line":4,"column":17},"end":{"line":4,"column":18}},"loc":{"start":{"line":4,"column":39},"end":{"line":27,"column":1}},"line":4},"1":{"name":"(anonymous_1)","decl":{"start":{"line":29,"column":18},"end":{"line":29,"column":19}},"loc":{"start":{"line":29,"column":40},"end":{"line":53,"column":1}},"line":29},"2":{"name":"(anonymous_2)","decl":{"start":{"line":55,"column":17},"end":{"line":55,"column":18}},"loc":{"start":{"line":55,"column":39},"end":{"line":82,"column":1}},"line":55},"3":{"name":"(anonymous_3)","decl":{"start":{"line":84,"column":17},"end":{"line":84,"column":18}},"loc":{"start":{"line":84,"column":39},"end":{"line":108,"column":1}},"line":84},"4":{"name":"(anonymous_4)","decl":{"start":{"line":110,"column":17},"end":{"line":110,"column":18}},"loc":{"start":{"line":110,"column":39},"end":{"line":137,"column":1}},"line":110}},"branchMap":{},"s":{"0":1,"1":1,"2":1,"3":0,"4":0,"5":0,"6":0,"7":0,"8":0,"9":1,"10":0,"11":0,"12":0,"13":0,"14":0,"15":0,"16":1,"17":0,"18":0,"19":0,"20":0,"21":0,"22":0,"23":1,"24":0,"25":0,"26":0,"27":0,"28":0,"29":0,"30":1,"31":0,"32":0,"33":0,"34":0,"35":0,"36":0},"f":{"0":0,"1":0,"2":0,"3":0,"4":0},"b":{},"_coverageSchema":"1a1c01bbd47fc00a2c39e90264f33305004495a9","hash":"b5775677c027443f9aa80288059204a7be599259"}
,"/usr/src/app/src/controllers/usuarioController.js": {"path":"/usr/src/app/src/controllers/usuarioController.js","statementMap":{"0":{"start":{"line":1,"column":23},"end":{"line":1,"column":60}},"1":{"start":{"line":2,"column":15},"end":{"line":2,"column":42}},"2":{"start":{"line":4,"column":0},"end":{"line":29,"column":2}},"3":{"start":{"line":5,"column":2},"end":{"line":28,"column":3}},"4":{"start":{"line":7,"column":4},"end":{"line":10,"column":7}},"5":{"start":{"line":12,"column":17},"end":{"line":12,"column":56}},"6":{"start":{"line":14,"column":4},"end":{"line":18,"column":7}},"7":{"start":{"line":22,"column":4},"end":{"line":25,"column":7}},"8":{"start":{"line":27,"column":4},"end":{"line":27,"column":14}},"9":{"start":{"line":31,"column":0},"end":{"line":56,"column":2}},"10":{"start":{"line":32,"column":2},"end":{"line":55,"column":3}},"11":{"start":{"line":34,"column":4},"end":{"line":37,"column":7}},"12":{"start":{"line":39,"column":18},"end":{"line":39,"column":54}},"13":{"start":{"line":41,"column":4},"end":{"line":43,"column":7}},"14":{"start":{"line":45,"column":4},"end":{"line":45,"column":20}},"15":{"start":{"line":49,"column":4},"end":{"line":52,"column":7}},"16":{"start":{"line":54,"column":4},"end":{"line":54,"column":14}},"17":{"start":{"line":58,"column":0},"end":{"line":79,"column":2}},"18":{"start":{"line":59,"column":2},"end":{"line":78,"column":3}},"19":{"start":{"line":61,"column":4},"end":{"line":64,"column":7}},"20":{"start":{"line":66,"column":18},"end":{"line":66,"column":55}},"21":{"start":{"line":68,"column":4},"end":{"line":68,"column":20}},"22":{"start":{"line":72,"column":4},"end":{"line":75,"column":7}},"23":{"start":{"line":77,"column":4},"end":{"line":77,"column":14}},"24":{"start":{"line":81,"column":0},"end":{"line":106,"column":2}},"25":{"start":{"line":82,"column":2},"end":{"line":105,"column":3}},"26":{"start":{"line":84,"column":4},"end":{"line":88,"column":7}},"27":{"start":{"line":90,"column":17},"end":{"line":93,"column":5}},"28":{"start":{"line":95,"column":4},"end":{"line":95,"column":19}},"29":{"start":{"line":99,"column":4},"end":{"line":102,"column":7}},"30":{"start":{"line":104,"column":4},"end":{"line":104,"column":14}},"31":{"start":{"line":108,"column":0},"end":{"line":134,"column":2}},"32":{"start":{"line":109,"column":2},"end":{"line":133,"column":3}},"33":{"start":{"line":111,"column":4},"end":{"line":115,"column":7}},"34":{"start":{"line":117,"column":17},"end":{"line":121,"column":5}},"35":{"start":{"line":123,"column":4},"end":{"line":123,"column":19}},"36":{"start":{"line":127,"column":4},"end":{"line":130,"column":7}},"37":{"start":{"line":132,"column":4},"end":{"line":132,"column":14}},"38":{"start":{"line":136,"column":0},"end":{"line":162,"column":2}},"39":{"start":{"line":137,"column":2},"end":{"line":161,"column":3}},"40":{"start":{"line":139,"column":4},"end":{"line":143,"column":7}},"41":{"start":{"line":145,"column":17},"end":{"line":149,"column":5}},"42":{"start":{"line":151,"column":4},"end":{"line":151,"column":19}},"43":{"start":{"line":155,"column":4},"end":{"line":158,"column":7}},"44":{"start":{"line":160,"column":4},"end":{"line":160,"column":14}},"45":{"start":{"line":164,"column":0},"end":{"line":192,"column":2}},"46":{"start":{"line":165,"column":2},"end":{"line":191,"column":3}},"47":{"start":{"line":167,"column":4},"end":{"line":171,"column":7}},"48":{"start":{"line":173,"column":4},"end":{"line":176,"column":6}},"49":{"start":{"line":178,"column":4},"end":{"line":181,"column":7}},"50":{"start":{"line":185,"column":4},"end":{"line":188,"column":7}},"51":{"start":{"line":190,"column":4},"end":{"line":190,"column":14}}},"fnMap":{"0":{"name":"(anonymous_0)","decl":{"start":{"line":4,"column":19},"end":{"line":4,"column":20}},"loc":{"start":{"line":4,"column":45},"end":{"line":29,"column":1}},"line":4},"1":{"name":"(anonymous_1)","decl":{"start":{"line":31,"column":16},"end":{"line":31,"column":17}},"loc":{"start":{"line":31,"column":42},"end":{"line":56,"column":1}},"line":31},"2":{"name":"(anonymous_2)","decl":{"start":{"line":58,"column":17},"end":{"line":58,"column":18}},"loc":{"start":{"line":58,"column":43},"end":{"line":79,"column":1}},"line":58},"3":{"name":"(anonymous_3)","decl":{"start":{"line":81,"column":18},"end":{"line":81,"column":19}},"loc":{"start":{"line":81,"column":44},"end":{"line":106,"column":1}},"line":81},"4":{"name":"(anonymous_4)","decl":{"start":{"line":108,"column":17},"end":{"line":108,"column":18}},"loc":{"start":{"line":108,"column":43},"end":{"line":134,"column":1}},"line":108},"5":{"name":"(anonymous_5)","decl":{"start":{"line":136,"column":16},"end":{"line":136,"column":17}},"loc":{"start":{"line":136,"column":42},"end":{"line":162,"column":1}},"line":136},"6":{"name":"(anonymous_6)","decl":{"start":{"line":164,"column":17},"end":{"line":164,"column":18}},"loc":{"start":{"line":164,"column":43},"end":{"line":192,"column":1}},"line":164}},"branchMap":{},"s":{"0":1,"1":1,"2":1,"3":0,"4":0,"5":0,"6":0,"7":0,"8":0,"9":1,"10":0,"11":0,"12":0,"13":0,"14":0,"15":0,"16":0,"17":1,"18":0,"19":0,"20":0,"21":0,"22":0,"23":0,"24":1,"25":0,"26":0,"27":0,"28":0,"29":0,"30":0,"31":1,"32":0,"33":0,"34":0,"35":0,"36":0,"37":0,"38":1,"39":0,"40":0,"41":0,"42":0,"43":0,"44":0,"45":1,"46":0,"47":0,"48":0,"49":0,"50":0,"51":0},"f":{"0":0,"1":0,"2":0,"3":0,"4":0,"5":0,"6":0},"b":{},"_coverageSchema":"1a1c01bbd47fc00a2c39e90264f33305004495a9","hash":"fcaba477abab07dbfc92a64e42a47a2998b1d101"}
,"/usr/src/app/src/controllers/ventaController.js": {"path":"/usr/src/app/src/controllers/ventaController.js","statementMap":{"0":{"start":{"line":1,"column":21},"end":{"line":1,"column":56}},"1":{"start":{"line":2,"column":15},"end":{"line":2,"column":42}},"2":{"start":{"line":4,"column":0},"end":{"line":25,"column":2}},"3":{"start":{"line":5,"column":2},"end":{"line":24,"column":3}},"4":{"start":{"line":7,"column":4},"end":{"line":10,"column":7}},"5":{"start":{"line":12,"column":19},"end":{"line":12,"column":54}},"6":{"start":{"line":14,"column":4},"end":{"line":14,"column":21}},"7":{"start":{"line":18,"column":4},"end":{"line":21,"column":7}},"8":{"start":{"line":23,"column":4},"end":{"line":23,"column":14}},"9":{"start":{"line":27,"column":0},"end":{"line":52,"column":2}},"10":{"start":{"line":28,"column":2},"end":{"line":51,"column":3}},"11":{"start":{"line":30,"column":4},"end":{"line":34,"column":7}},"12":{"start":{"line":36,"column":18},"end":{"line":39,"column":5}},"13":{"start":{"line":41,"column":4},"end":{"line":41,"column":20}},"14":{"start":{"line":45,"column":4},"end":{"line":48,"column":7}},"15":{"start":{"line":50,"column":4},"end":{"line":50,"column":14}},"16":{"start":{"line":54,"column":0},"end":{"line":75,"column":2}},"17":{"start":{"line":55,"column":2},"end":{"line":74,"column":3}},"18":{"start":{"line":57,"column":4},"end":{"line":60,"column":7}},"19":{"start":{"line":62,"column":19},"end":{"line":62,"column":61}},"20":{"start":{"line":64,"column":4},"end":{"line":64,"column":21}},"21":{"start":{"line":68,"column":4},"end":{"line":71,"column":7}},"22":{"start":{"line":73,"column":4},"end":{"line":73,"column":14}},"23":{"start":{"line":77,"column":0},"end":{"line":102,"column":2}},"24":{"start":{"line":78,"column":2},"end":{"line":101,"column":3}},"25":{"start":{"line":80,"column":4},"end":{"line":84,"column":7}},"26":{"start":{"line":86,"column":18},"end":{"line":89,"column":5}},"27":{"start":{"line":91,"column":4},"end":{"line":91,"column":20}},"28":{"start":{"line":95,"column":4},"end":{"line":98,"column":7}},"29":{"start":{"line":100,"column":4},"end":{"line":100,"column":14}},"30":{"start":{"line":104,"column":0},"end":{"line":128,"column":2}},"31":{"start":{"line":105,"column":2},"end":{"line":127,"column":3}},"32":{"start":{"line":107,"column":4},"end":{"line":110,"column":7}},"33":{"start":{"line":112,"column":18},"end":{"line":115,"column":5}},"34":{"start":{"line":117,"column":4},"end":{"line":117,"column":20}},"35":{"start":{"line":121,"column":4},"end":{"line":124,"column":7}},"36":{"start":{"line":126,"column":4},"end":{"line":126,"column":14}},"37":{"start":{"line":130,"column":0},"end":{"line":156,"column":2}},"38":{"start":{"line":131,"column":2},"end":{"line":155,"column":3}},"39":{"start":{"line":133,"column":4},"end":{"line":137,"column":7}},"40":{"start":{"line":139,"column":18},"end":{"line":143,"column":5}},"41":{"start":{"line":145,"column":4},"end":{"line":145,"column":20}},"42":{"start":{"line":149,"column":4},"end":{"line":152,"column":7}},"43":{"start":{"line":154,"column":4},"end":{"line":154,"column":14}},"44":{"start":{"line":158,"column":0},"end":{"line":184,"column":2}},"45":{"start":{"line":159,"column":2},"end":{"line":183,"column":3}},"46":{"start":{"line":161,"column":4},"end":{"line":165,"column":7}},"47":{"start":{"line":167,"column":18},"end":{"line":171,"column":5}},"48":{"start":{"line":173,"column":4},"end":{"line":173,"column":20}},"49":{"start":{"line":177,"column":4},"end":{"line":180,"column":7}},"50":{"start":{"line":182,"column":4},"end":{"line":182,"column":14}},"51":{"start":{"line":186,"column":0},"end":{"line":214,"column":2}},"52":{"start":{"line":187,"column":2},"end":{"line":213,"column":3}},"53":{"start":{"line":189,"column":4},"end":{"line":193,"column":7}},"54":{"start":{"line":195,"column":4},"end":{"line":198,"column":6}},"55":{"start":{"line":200,"column":4},"end":{"line":203,"column":7}},"56":{"start":{"line":207,"column":4},"end":{"line":210,"column":7}},"57":{"start":{"line":212,"column":4},"end":{"line":212,"column":14}}},"fnMap":{"0":{"name":"(anonymous_0)","decl":{"start":{"line":4,"column":17},"end":{"line":4,"column":18}},"loc":{"start":{"line":4,"column":38},"end":{"line":25,"column":1}},"line":4},"1":{"name":"(anonymous_1)","decl":{"start":{"line":27,"column":18},"end":{"line":27,"column":19}},"loc":{"start":{"line":27,"column":39},"end":{"line":52,"column":1}},"line":27},"2":{"name":"(anonymous_2)","decl":{"start":{"line":54,"column":24},"end":{"line":54,"column":25}},"loc":{"start":{"line":54,"column":45},"end":{"line":75,"column":1}},"line":54},"3":{"name":"(anonymous_3)","decl":{"start":{"line":77,"column":22},"end":{"line":77,"column":23}},"loc":{"start":{"line":77,"column":43},"end":{"line":102,"column":1}},"line":77},"4":{"name":"(anonymous_4)","decl":{"start":{"line":104,"column":17},"end":{"line":104,"column":18}},"loc":{"start":{"line":104,"column":38},"end":{"line":128,"column":1}},"line":104},"5":{"name":"(anonymous_5)","decl":{"start":{"line":130,"column":16},"end":{"line":130,"column":17}},"loc":{"start":{"line":130,"column":37},"end":{"line":156,"column":1}},"line":130},"6":{"name":"(anonymous_6)","decl":{"start":{"line":158,"column":17},"end":{"line":158,"column":18}},"loc":{"start":{"line":158,"column":38},"end":{"line":184,"column":1}},"line":158},"7":{"name":"(anonymous_7)","decl":{"start":{"line":186,"column":17},"end":{"line":186,"column":18}},"loc":{"start":{"line":186,"column":38},"end":{"line":214,"column":1}},"line":186}},"branchMap":{},"s":{"0":1,"1":1,"2":1,"3":0,"4":0,"5":0,"6":0,"7":0,"8":0,"9":1,"10":0,"11":0,"12":0,"13":0,"14":0,"15":0,"16":1,"17":0,"18":0,"19":0,"20":0,"21":0,"22":0,"23":1,"24":0,"25":0,"26":0,"27":0,"28":0,"29":0,"30":1,"31":0,"32":0,"33":0,"34":0,"35":0,"36":0,"37":1,"38":0,"39":0,"40":0,"41":0,"42":0,"43":0,"44":1,"45":0,"46":0,"47":0,"48":0,"49":0,"50":0,"51":1,"52":0,"53":0,"54":0,"55":0,"56":0,"57":0},"f":{"0":0,"1":0,"2":0,"3":0,"4":0,"5":0,"6":0,"7":0},"b":{},"_coverageSchema":"1a1c01bbd47fc00a2c39e90264f33305004495a9","hash":"5a8d7d8e131a029729eca82592e344fb5148d647"}
,"/usr/src/app/src/middlewares/auditoriaMiddleware.js": {"path":"/usr/src/app/src/middlewares/auditoriaMiddleware.js","statementMap":{"0":{"start":{"line":1,"column":15},"end":{"line":1,"column":44}},"1":{"start":{"line":3,"column":0},"end":{"line":38,"column":2}},"2":{"start":{"line":5,"column":2},"end":{"line":36,"column":4}},"3":{"start":{"line":7,"column":4},"end":{"line":32,"column":5}},"4":{"start":{"line":9,"column":19},"end":{"line":9,"column":27}},"5":{"start":{"line":11,"column":6},"end":{"line":13,"column":7}},"6":{"start":{"line":12,"column":8},"end":{"line":12,"column":22}},"7":{"start":{"line":15,"column":6},"end":{"line":26,"column":9}},"8":{"start":{"line":30,"column":6},"end":{"line":30,"column":44}},"9":{"start":{"line":34,"column":4},"end":{"line":34,"column":11}}},"fnMap":{"0":{"name":"(anonymous_0)","decl":{"start":{"line":3,"column":17},"end":{"line":3,"column":18}},"loc":{"start":{"line":3,"column":33},"end":{"line":38,"column":1}},"line":3},"1":{"name":"(anonymous_1)","decl":{"start":{"line":5,"column":9},"end":{"line":5,"column":10}},"loc":{"start":{"line":5,"column":30},"end":{"line":36,"column":3}},"line":5}},"branchMap":{"0":{"loc":{"start":{"line":11,"column":6},"end":{"line":13,"column":7}},"type":"if","locations":[{"start":{"line":11,"column":6},"end":{"line":13,"column":7}},{"start":{},"end":{}}],"line":11},"1":{"loc":{"start":{"line":21,"column":34},"end":{"line":21,"column":63}},"type":"binary-expr","locations":[{"start":{"line":21,"column":34},"end":{"line":21,"column":52}},{"start":{"line":21,"column":56},"end":{"line":21,"column":63}}],"line":21}},"s":{"0":1,"1":1,"2":2,"3":0,"4":0,"5":0,"6":0,"7":0,"8":0,"9":0},"f":{"0":2,"1":0},"b":{"0":[0,0],"1":[0,0]},"_coverageSchema":"1a1c01bbd47fc00a2c39e90264f33305004495a9","hash":"8ef2ab455961f3e0c97346114e8bcca8287f0f1c"}
,"/usr/src/app/src/middlewares/authMiddleware.js": {"path":"/usr/src/app/src/middlewares/authMiddleware.js","statementMap":{"0":{"start":{"line":1,"column":12},"end":{"line":1,"column":35}},"1":{"start":{"line":2,"column":15},"end":{"line":2,"column":44}},"2":{"start":{"line":4,"column":0},"end":{"line":36,"column":2}},"3":{"start":{"line":6,"column":21},"end":{"line":6,"column":46}},"4":{"start":{"line":8,"column":2},"end":{"line":10,"column":3}},"5":{"start":{"line":9,"column":4},"end":{"line":9,"column":64}},"6":{"start":{"line":12,"column":16},"end":{"line":12,"column":40}},"7":{"start":{"line":14,"column":2},"end":{"line":34,"column":3}},"8":{"start":{"line":16,"column":24},"end":{"line":18,"column":6}},"9":{"start":{"line":20,"column":4},"end":{"line":22,"column":5}},"10":{"start":{"line":21,"column":6},"end":{"line":21,"column":74}},"11":{"start":{"line":24,"column":20},"end":{"line":24,"column":61}},"12":{"start":{"line":26,"column":4},"end":{"line":26,"column":23}},"13":{"start":{"line":28,"column":4},"end":{"line":28,"column":11}},"14":{"start":{"line":32,"column":4},"end":{"line":32,"column":64}}},"fnMap":{"0":{"name":"(anonymous_0)","decl":{"start":{"line":4,"column":17},"end":{"line":4,"column":18}},"loc":{"start":{"line":4,"column":43},"end":{"line":36,"column":1}},"line":4}},"branchMap":{"0":{"loc":{"start":{"line":8,"column":2},"end":{"line":10,"column":3}},"type":"if","locations":[{"start":{"line":8,"column":2},"end":{"line":10,"column":3}},{"start":{},"end":{}}],"line":8},"1":{"loc":{"start":{"line":20,"column":4},"end":{"line":22,"column":5}},"type":"if","locations":[{"start":{"line":20,"column":4},"end":{"line":22,"column":5}},{"start":{},"end":{}}],"line":20}},"s":{"0":1,"1":1,"2":1,"3":26,"4":26,"5":0,"6":26,"7":26,"8":26,"9":26,"10":0,"11":26,"12":0,"13":0,"14":26},"f":{"0":26},"b":{"0":[0,26],"1":[0,26]},"_coverageSchema":"1a1c01bbd47fc00a2c39e90264f33305004495a9","hash":"ee165551d422d8ef38b5c226bd3d26441f782273"}
,"/usr/src/app/src/middlewares/errorMiddleware.js": {"path":"/usr/src/app/src/middlewares/errorMiddleware.js","statementMap":{"0":{"start":{"line":1,"column":15},"end":{"line":1,"column":42}},"1":{"start":{"line":3,"column":21},"end":{"line":21,"column":1}},"2":{"start":{"line":5,"column":17},"end":{"line":5,"column":38}},"3":{"start":{"line":7,"column":2},"end":{"line":13,"column":5}},"4":{"start":{"line":15,"column":2},"end":{"line":19,"column":5}},"5":{"start":{"line":23,"column":0},"end":{"line":23,"column":30}}},"fnMap":{"0":{"name":"(anonymous_0)","decl":{"start":{"line":3,"column":21},"end":{"line":3,"column":22}},"loc":{"start":{"line":3,"column":46},"end":{"line":21,"column":1}},"line":3}},"branchMap":{"0":{"loc":{"start":{"line":5,"column":17},"end":{"line":5,"column":38}},"type":"binary-expr","locations":[{"start":{"line":5,"column":17},"end":{"line":5,"column":31}},{"start":{"line":5,"column":35},"end":{"line":5,"column":38}}],"line":5},"1":{"loc":{"start":{"line":17,"column":13},"end":{"line":17,"column":56}},"type":"binary-expr","locations":[{"start":{"line":17,"column":13},"end":{"line":17,"column":24}},{"start":{"line":17,"column":28},"end":{"line":17,"column":56}}],"line":17},"2":{"loc":{"start":{"line":18,"column":12},"end":{"line":18,"column":30}},"type":"binary-expr","locations":[{"start":{"line":18,"column":12},"end":{"line":18,"column":22}},{"start":{"line":18,"column":26},"end":{"line":18,"column":30}}],"line":18}},"s":{"0":1,"1":1,"2":0,"3":0,"4":0,"5":1},"f":{"0":0},"b":{"0":[0,0],"1":[0,0],"2":[0,0]},"_coverageSchema":"1a1c01bbd47fc00a2c39e90264f33305004495a9","hash":"3b4cd09b6cc3694da3845be7811c51bea2079502"}
,"/usr/src/app/src/middlewares/loggerMiddleware.js": {"path":"/usr/src/app/src/middlewares/loggerMiddleware.js","statementMap":{"0":{"start":{"line":1,"column":17},"end":{"line":1,"column":37}},"1":{"start":{"line":2,"column":15},"end":{"line":2,"column":42}},"2":{"start":{"line":4,"column":19},"end":{"line":28,"column":2}},"3":{"start":{"line":10,"column":4},"end":{"line":10,"column":46}},"4":{"start":{"line":10,"column":31},"end":{"line":10,"column":46}},"5":{"start":{"line":11,"column":4},"end":{"line":11,"column":45}},"6":{"start":{"line":11,"column":31},"end":{"line":11,"column":45}},"7":{"start":{"line":12,"column":4},"end":{"line":12,"column":18}},"8":{"start":{"line":18,"column":4},"end":{"line":18,"column":56}},"9":{"start":{"line":24,"column":4},"end":{"line":24,"column":44}},"10":{"start":{"line":30,"column":0},"end":{"line":30,"column":28}}},"fnMap":{"0":{"name":"(anonymous_0)","decl":{"start":{"line":8,"column":18},"end":{"line":8,"column":19}},"loc":{"start":{"line":8,"column":38},"end":{"line":14,"column":3}},"line":8},"1":{"name":"(anonymous_1)","decl":{"start":{"line":16,"column":24},"end":{"line":16,"column":25}},"loc":{"start":{"line":16,"column":44},"end":{"line":20,"column":3}},"line":16},"2":{"name":"(anonymous_2)","decl":{"start":{"line":22,"column":22},"end":{"line":22,"column":23}},"loc":{"start":{"line":22,"column":42},"end":{"line":26,"column":3}},"line":22}},"branchMap":{"0":{"loc":{"start":{"line":10,"column":4},"end":{"line":10,"column":46}},"type":"if","locations":[{"start":{"line":10,"column":4},"end":{"line":10,"column":46}},{"start":{},"end":{}}],"line":10},"1":{"loc":{"start":{"line":11,"column":4},"end":{"line":11,"column":45}},"type":"if","locations":[{"start":{"line":11,"column":4},"end":{"line":11,"column":45}},{"start":{},"end":{}}],"line":11}},"s":{"0":1,"1":1,"2":1,"3":29,"4":0,"5":29,"6":0,"7":29,"8":29,"9":0,"10":1},"f":{"0":29,"1":29,"2":0},"b":{"0":[0,29],"1":[0,29]},"_coverageSchema":"1a1c01bbd47fc00a2c39e90264f33305004495a9","hash":"b05c5a10dbb5d4f66b7c894d521aad1702183090"}
,"/usr/src/app/src/middlewares/ownerOrAdmin.js": {"path":"/usr/src/app/src/middlewares/ownerOrAdmin.js","statementMap":{"0":{"start":{"line":1,"column":0},"end":{"line":22,"column":2}},"1":{"start":{"line":3,"column":17},"end":{"line":3,"column":36}},"2":{"start":{"line":4,"column":18},"end":{"line":4,"column":38}},"3":{"start":{"line":5,"column":18},"end":{"line":5,"column":39}},"4":{"start":{"line":8,"column":2},"end":{"line":10,"column":3}},"5":{"start":{"line":9,"column":4},"end":{"line":9,"column":18}},"6":{"start":{"line":13,"column":2},"end":{"line":15,"column":3}},"7":{"start":{"line":14,"column":4},"end":{"line":14,"column":18}},"8":{"start":{"line":17,"column":2},"end":{"line":20,"column":5}}},"fnMap":{"0":{"name":"(anonymous_0)","decl":{"start":{"line":1,"column":17},"end":{"line":1,"column":18}},"loc":{"start":{"line":1,"column":37},"end":{"line":22,"column":1}},"line":1}},"branchMap":{"0":{"loc":{"start":{"line":8,"column":2},"end":{"line":10,"column":3}},"type":"if","locations":[{"start":{"line":8,"column":2},"end":{"line":10,"column":3}},{"start":{},"end":{}}],"line":8},"1":{"loc":{"start":{"line":13,"column":2},"end":{"line":15,"column":3}},"type":"if","locations":[{"start":{"line":13,"column":2},"end":{"line":15,"column":3}},{"start":{},"end":{}}],"line":13}},"s":{"0":1,"1":0,"2":0,"3":0,"4":0,"5":0,"6":0,"7":0,"8":0},"f":{"0":0},"b":{"0":[0,0],"1":[0,0]},"_coverageSchema":"1a1c01bbd47fc00a2c39e90264f33305004495a9","hash":"378df6d77a8ce9395b507e8784c0fcf9a0026520"}
,"/usr/src/app/src/middlewares/roleMiddleware.js": {"path":"/usr/src/app/src/middlewares/roleMiddleware.js","statementMap":{"0":{"start":{"line":1,"column":0},"end":{"line":10,"column":2}},"1":{"start":{"line":2,"column":2},"end":{"line":9,"column":4}},"2":{"start":{"line":4,"column":4},"end":{"line":6,"column":5}},"3":{"start":{"line":5,"column":6},"end":{"line":5,"column":66}},"4":{"start":{"line":8,"column":4},"end":{"line":8,"column":11}}},"fnMap":{"0":{"name":"(anonymous_0)","decl":{"start":{"line":1,"column":17},"end":{"line":1,"column":18}},"loc":{"start":{"line":1,"column":38},"end":{"line":10,"column":1}},"line":1},"1":{"name":"(anonymous_1)","decl":{"start":{"line":2,"column":9},"end":{"line":2,"column":10}},"loc":{"start":{"line":2,"column":29},"end":{"line":9,"column":3}},"line":2}},"branchMap":{"0":{"loc":{"start":{"line":4,"column":4},"end":{"line":6,"column":5}},"type":"if","locations":[{"start":{"line":4,"column":4},"end":{"line":6,"column":5}},{"start":{},"end":{}}],"line":4}},"s":{"0":1,"1":9,"2":0,"3":0,"4":0},"f":{"0":9,"1":0},"b":{"0":[0,0]},"_coverageSchema":"1a1c01bbd47fc00a2c39e90264f33305004495a9","hash":"e45e481674f7112b324db2ee8592e388e0384013"}
,"/usr/src/app/src/repositories/cajaRepository.js": {"path":"/usr/src/app/src/repositories/cajaRepository.js","statementMap":{"0":{"start":{"line":1,"column":15},"end":{"line":1,"column":44}},"1":{"start":{"line":7,"column":4},"end":{"line":9,"column":7}},"2":{"start":{"line":15,"column":4},"end":{"line":21,"column":7}},"3":{"start":{"line":27,"column":4},"end":{"line":35,"column":7}},"4":{"start":{"line":41,"column":0},"end":{"line":41,"column":38}}},"fnMap":{"0":{"name":"(anonymous_0)","decl":{"start":{"line":5,"column":2},"end":{"line":5,"column":3}},"loc":{"start":{"line":5,"column":19},"end":{"line":11,"column":3}},"line":5},"1":{"name":"(anonymous_1)","decl":{"start":{"line":13,"column":2},"end":{"line":13,"column":3}},"loc":{"start":{"line":13,"column":21},"end":{"line":23,"column":3}},"line":13},"2":{"name":"(anonymous_2)","decl":{"start":{"line":25,"column":2},"end":{"line":25,"column":3}},"loc":{"start":{"line":25,"column":23},"end":{"line":37,"column":3}},"line":25}},"branchMap":{},"s":{"0":1,"1":0,"2":0,"3":0,"4":1},"f":{"0":0,"1":0,"2":0},"b":{},"_coverageSchema":"1a1c01bbd47fc00a2c39e90264f33305004495a9","hash":"3880286c42c62218c4ff0988f07be51cf20938f3"}
,"/usr/src/app/src/repositories/cancionRepository.js": {"path":"/usr/src/app/src/repositories/cancionRepository.js","statementMap":{"0":{"start":{"line":1,"column":15},"end":{"line":1,"column":44}},"1":{"start":{"line":6,"column":4},"end":{"line":13,"column":7}},"2":{"start":{"line":17,"column":4},"end":{"line":21,"column":7}},"3":{"start":{"line":25,"column":4},"end":{"line":27,"column":7}},"4":{"start":{"line":31,"column":4},"end":{"line":34,"column":7}},"5":{"start":{"line":38,"column":4},"end":{"line":40,"column":7}},"6":{"start":{"line":44,"column":4},"end":{"line":44,"column":39}},"7":{"start":{"line":49,"column":0},"end":{"line":49,"column":41}}},"fnMap":{"0":{"name":"(anonymous_0)","decl":{"start":{"line":5,"column":2},"end":{"line":5,"column":3}},"loc":{"start":{"line":5,"column":18},"end":{"line":14,"column":3}},"line":5},"1":{"name":"(anonymous_1)","decl":{"start":{"line":16,"column":2},"end":{"line":16,"column":3}},"loc":{"start":{"line":16,"column":19},"end":{"line":22,"column":3}},"line":16},"2":{"name":"(anonymous_2)","decl":{"start":{"line":24,"column":2},"end":{"line":24,"column":3}},"loc":{"start":{"line":24,"column":21},"end":{"line":28,"column":3}},"line":24},"3":{"name":"(anonymous_3)","decl":{"start":{"line":30,"column":2},"end":{"line":30,"column":3}},"loc":{"start":{"line":30,"column":25},"end":{"line":35,"column":3}},"line":30},"4":{"name":"(anonymous_4)","decl":{"start":{"line":37,"column":2},"end":{"line":37,"column":3}},"loc":{"start":{"line":37,"column":19},"end":{"line":41,"column":3}},"line":37},"5":{"name":"(anonymous_5)","decl":{"start":{"line":43,"column":2},"end":{"line":43,"column":3}},"loc":{"start":{"line":43,"column":20},"end":{"line":45,"column":3}},"line":43}},"branchMap":{},"s":{"0":1,"1":0,"2":0,"3":0,"4":0,"5":0,"6":0,"7":1},"f":{"0":0,"1":0,"2":0,"3":0,"4":0,"5":0},"b":{},"_coverageSchema":"1a1c01bbd47fc00a2c39e90264f33305004495a9","hash":"60a9e83049a76cacd66c2032d0f6ee05e5bdb5da"}
,"/usr/src/app/src/repositories/detalleVentaRepository.js": {"path":"/usr/src/app/src/repositories/detalleVentaRepository.js","statementMap":{"0":{"start":{"line":1,"column":15},"end":{"line":1,"column":44}},"1":{"start":{"line":7,"column":4},"end":{"line":9,"column":7}},"2":{"start":{"line":15,"column":4},"end":{"line":25,"column":7}},"3":{"start":{"line":31,"column":4},"end":{"line":37,"column":7}},"4":{"start":{"line":43,"column":0},"end":{"line":43,"column":46}}},"fnMap":{"0":{"name":"(anonymous_0)","decl":{"start":{"line":5,"column":2},"end":{"line":5,"column":3}},"loc":{"start":{"line":5,"column":33},"end":{"line":11,"column":3}},"line":5},"1":{"name":"(anonymous_1)","decl":{"start":{"line":13,"column":2},"end":{"line":13,"column":3}},"loc":{"start":{"line":13,"column":28},"end":{"line":27,"column":3}},"line":13},"2":{"name":"(anonymous_2)","decl":{"start":{"line":29,"column":2},"end":{"line":29,"column":3}},"loc":{"start":{"line":29,"column":30},"end":{"line":39,"column":3}},"line":29}},"branchMap":{"0":{"loc":{"start":{"line":5,"column":21},"end":{"line":5,"column":32}},"type":"default-arg","locations":[{"start":{"line":5,"column":26},"end":{"line":5,"column":32}}],"line":5}},"s":{"0":1,"1":0,"2":0,"3":0,"4":1},"f":{"0":0,"1":0,"2":0},"b":{"0":[0]},"_coverageSchema":"1a1c01bbd47fc00a2c39e90264f33305004495a9","hash":"e4964effb78bcf0a88a53c39eabce1b8ca86db66"}
,"/usr/src/app/src/repositories/horarioRepository.js": {"path":"/usr/src/app/src/repositories/horarioRepository.js","statementMap":{"0":{"start":{"line":1,"column":15},"end":{"line":1,"column":44}},"1":{"start":{"line":6,"column":4},"end":{"line":8,"column":7}},"2":{"start":{"line":12,"column":4},"end":{"line":16,"column":7}},"3":{"start":{"line":20,"column":4},"end":{"line":22,"column":7}},"4":{"start":{"line":26,"column":4},"end":{"line":28,"column":7}},"5":{"start":{"line":32,"column":4},"end":{"line":35,"column":7}},"6":{"start":{"line":39,"column":4},"end":{"line":41,"column":7}},"7":{"start":{"line":46,"column":0},"end":{"line":46,"column":41}}},"fnMap":{"0":{"name":"(anonymous_0)","decl":{"start":{"line":5,"column":2},"end":{"line":5,"column":3}},"loc":{"start":{"line":5,"column":18},"end":{"line":9,"column":3}},"line":5},"1":{"name":"(anonymous_1)","decl":{"start":{"line":11,"column":2},"end":{"line":11,"column":3}},"loc":{"start":{"line":11,"column":29},"end":{"line":17,"column":3}},"line":11},"2":{"name":"(anonymous_2)","decl":{"start":{"line":19,"column":2},"end":{"line":19,"column":3}},"loc":{"start":{"line":19,"column":21},"end":{"line":23,"column":3}},"line":19},"3":{"name":"(anonymous_3)","decl":{"start":{"line":25,"column":2},"end":{"line":25,"column":3}},"loc":{"start":{"line":25,"column":21},"end":{"line":29,"column":3}},"line":25},"4":{"name":"(anonymous_4)","decl":{"start":{"line":31,"column":2},"end":{"line":31,"column":3}},"loc":{"start":{"line":31,"column":25},"end":{"line":36,"column":3}},"line":31},"5":{"name":"(anonymous_5)","decl":{"start":{"line":38,"column":2},"end":{"line":38,"column":3}},"loc":{"start":{"line":38,"column":19},"end":{"line":42,"column":3}},"line":38}},"branchMap":{},"s":{"0":1,"1":0,"2":0,"3":0,"4":0,"5":0,"6":0,"7":1},"f":{"0":0,"1":0,"2":0,"3":0,"4":0,"5":0},"b":{},"_coverageSchema":"1a1c01bbd47fc00a2c39e90264f33305004495a9","hash":"91354955f18b4a846eaa87af86a322c895118647"}
,"/usr/src/app/src/repositories/mesaRepository.js": {"path":"/usr/src/app/src/repositories/mesaRepository.js","statementMap":{"0":{"start":{"line":1,"column":15},"end":{"line":1,"column":44}},"1":{"start":{"line":6,"column":4},"end":{"line":6,"column":34}},"2":{"start":{"line":10,"column":4},"end":{"line":14,"column":7}},"3":{"start":{"line":18,"column":4},"end":{"line":20,"column":7}},"4":{"start":{"line":24,"column":4},"end":{"line":29,"column":7}},"5":{"start":{"line":33,"column":4},"end":{"line":37,"column":7}},"6":{"start":{"line":42,"column":0},"end":{"line":42,"column":38}}},"fnMap":{"0":{"name":"(anonymous_0)","decl":{"start":{"line":5,"column":2},"end":{"line":5,"column":3}},"loc":{"start":{"line":5,"column":17},"end":{"line":7,"column":3}},"line":5},"1":{"name":"(anonymous_1)","decl":{"start":{"line":9,"column":2},"end":{"line":9,"column":3}},"loc":{"start":{"line":9,"column":20},"end":{"line":15,"column":3}},"line":9},"2":{"name":"(anonymous_2)","decl":{"start":{"line":17,"column":2},"end":{"line":17,"column":3}},"loc":{"start":{"line":17,"column":20},"end":{"line":21,"column":3}},"line":17},"3":{"name":"(anonymous_3)","decl":{"start":{"line":23,"column":2},"end":{"line":23,"column":3}},"loc":{"start":{"line":23,"column":23},"end":{"line":30,"column":3}},"line":23},"4":{"name":"(anonymous_4)","decl":{"start":{"line":32,"column":2},"end":{"line":32,"column":3}},"loc":{"start":{"line":32,"column":18},"end":{"line":38,"column":3}},"line":32}},"branchMap":{},"s":{"0":1,"1":0,"2":0,"3":0,"4":0,"5":0,"6":1},"f":{"0":0,"1":0,"2":0,"3":0,"4":0},"b":{},"_coverageSchema":"1a1c01bbd47fc00a2c39e90264f33305004495a9","hash":"aa88a9a385b78463ff1fa104be34200cb9917437"}
,"/usr/src/app/src/repositories/parqueaderoRepository.js": {"path":"/usr/src/app/src/repositories/parqueaderoRepository.js","statementMap":{"0":{"start":{"line":1,"column":15},"end":{"line":1,"column":44}},"1":{"start":{"line":6,"column":4},"end":{"line":6,"column":41}},"2":{"start":{"line":10,"column":4},"end":{"line":14,"column":7}},"3":{"start":{"line":18,"column":4},"end":{"line":20,"column":7}},"4":{"start":{"line":24,"column":4},"end":{"line":29,"column":7}},"5":{"start":{"line":33,"column":4},"end":{"line":37,"column":7}},"6":{"start":{"line":42,"column":0},"end":{"line":42,"column":45}}},"fnMap":{"0":{"name":"(anonymous_0)","decl":{"start":{"line":5,"column":2},"end":{"line":5,"column":3}},"loc":{"start":{"line":5,"column":17},"end":{"line":7,"column":3}},"line":5},"1":{"name":"(anonymous_1)","decl":{"start":{"line":9,"column":2},"end":{"line":9,"column":3}},"loc":{"start":{"line":9,"column":20},"end":{"line":15,"column":3}},"line":9},"2":{"name":"(anonymous_2)","decl":{"start":{"line":17,"column":2},"end":{"line":17,"column":3}},"loc":{"start":{"line":17,"column":20},"end":{"line":21,"column":3}},"line":17},"3":{"name":"(anonymous_3)","decl":{"start":{"line":23,"column":2},"end":{"line":23,"column":3}},"loc":{"start":{"line":23,"column":23},"end":{"line":30,"column":3}},"line":23},"4":{"name":"(anonymous_4)","decl":{"start":{"line":32,"column":2},"end":{"line":32,"column":3}},"loc":{"start":{"line":32,"column":18},"end":{"line":38,"column":3}},"line":32}},"branchMap":{},"s":{"0":1,"1":0,"2":0,"3":0,"4":0,"5":0,"6":1},"f":{"0":0,"1":0,"2":0,"3":0,"4":0},"b":{},"_coverageSchema":"1a1c01bbd47fc00a2c39e90264f33305004495a9","hash":"da63d7d6cb881882c00329839dca1ace6b63a5c0"}
,"/usr/src/app/src/repositories/productoRepository.js": {"path":"/usr/src/app/src/repositories/productoRepository.js","statementMap":{"0":{"start":{"line":1,"column":15},"end":{"line":1,"column":44}},"1":{"start":{"line":6,"column":4},"end":{"line":6,"column":38}},"2":{"start":{"line":10,"column":4},"end":{"line":14,"column":7}},"3":{"start":{"line":18,"column":4},"end":{"line":20,"column":7}},"4":{"start":{"line":24,"column":4},"end":{"line":29,"column":7}},"5":{"start":{"line":33,"column":4},"end":{"line":37,"column":7}},"6":{"start":{"line":42,"column":0},"end":{"line":42,"column":42}}},"fnMap":{"0":{"name":"(anonymous_0)","decl":{"start":{"line":5,"column":2},"end":{"line":5,"column":3}},"loc":{"start":{"line":5,"column":18},"end":{"line":7,"column":3}},"line":5},"1":{"name":"(anonymous_1)","decl":{"start":{"line":9,"column":2},"end":{"line":9,"column":3}},"loc":{"start":{"line":9,"column":21},"end":{"line":15,"column":3}},"line":9},"2":{"name":"(anonymous_2)","decl":{"start":{"line":17,"column":2},"end":{"line":17,"column":3}},"loc":{"start":{"line":17,"column":21},"end":{"line":21,"column":3}},"line":17},"3":{"name":"(anonymous_3)","decl":{"start":{"line":23,"column":2},"end":{"line":23,"column":3}},"loc":{"start":{"line":23,"column":25},"end":{"line":30,"column":3}},"line":23},"4":{"name":"(anonymous_4)","decl":{"start":{"line":32,"column":2},"end":{"line":32,"column":3}},"loc":{"start":{"line":32,"column":19},"end":{"line":38,"column":3}},"line":32}},"branchMap":{},"s":{"0":1,"1":0,"2":0,"3":0,"4":0,"5":0,"6":1},"f":{"0":0,"1":0,"2":0,"3":0,"4":0},"b":{},"_coverageSchema":"1a1c01bbd47fc00a2c39e90264f33305004495a9","hash":"71397a6c86288181edad074a45371c6d77c10b2a"}
,"/usr/src/app/src/repositories/reservaRepository.js": {"path":"/usr/src/app/src/repositories/reservaRepository.js","statementMap":{"0":{"start":{"line":1,"column":15},"end":{"line":1,"column":44}},"1":{"start":{"line":7,"column":4},"end":{"line":15,"column":7}},"2":{"start":{"line":21,"column":4},"end":{"line":32,"column":7}},"3":{"start":{"line":38,"column":4},"end":{"line":44,"column":7}},"4":{"start":{"line":51,"column":4},"end":{"line":60,"column":7}},"5":{"start":{"line":67,"column":4},"end":{"line":76,"column":7}},"6":{"start":{"line":82,"column":4},"end":{"line":86,"column":7}},"7":{"start":{"line":92,"column":4},"end":{"line":100,"column":7}},"8":{"start":{"line":106,"column":4},"end":{"line":112,"column":7}},"9":{"start":{"line":118,"column":0},"end":{"line":118,"column":41}}},"fnMap":{"0":{"name":"(anonymous_0)","decl":{"start":{"line":5,"column":2},"end":{"line":5,"column":3}},"loc":{"start":{"line":5,"column":17},"end":{"line":17,"column":3}},"line":5},"1":{"name":"(anonymous_1)","decl":{"start":{"line":19,"column":2},"end":{"line":19,"column":3}},"loc":{"start":{"line":19,"column":26},"end":{"line":34,"column":3}},"line":19},"2":{"name":"(anonymous_2)","decl":{"start":{"line":36,"column":2},"end":{"line":36,"column":3}},"loc":{"start":{"line":36,"column":20},"end":{"line":46,"column":3}},"line":36},"3":{"name":"(anonymous_3)","decl":{"start":{"line":49,"column":2},"end":{"line":49,"column":3}},"loc":{"start":{"line":49,"column":44},"end":{"line":62,"column":3}},"line":49},"4":{"name":"(anonymous_4)","decl":{"start":{"line":65,"column":2},"end":{"line":65,"column":3}},"loc":{"start":{"line":65,"column":58},"end":{"line":78,"column":3}},"line":65},"5":{"name":"(anonymous_5)","decl":{"start":{"line":80,"column":2},"end":{"line":80,"column":3}},"loc":{"start":{"line":80,"column":20},"end":{"line":88,"column":3}},"line":80},"6":{"name":"(anonymous_6)","decl":{"start":{"line":90,"column":2},"end":{"line":90,"column":3}},"loc":{"start":{"line":90,"column":23},"end":{"line":102,"column":3}},"line":90},"7":{"name":"(anonymous_7)","decl":{"start":{"line":104,"column":2},"end":{"line":104,"column":3}},"loc":{"start":{"line":104,"column":18},"end":{"line":114,"column":3}},"line":104}},"branchMap":{},"s":{"0":1,"1":0,"2":0,"3":0,"4":0,"5":0,"6":0,"7":0,"8":0,"9":1},"f":{"0":0,"1":0,"2":0,"3":0,"4":0,"5":0,"6":0,"7":0},"b":{},"_coverageSchema":"1a1c01bbd47fc00a2c39e90264f33305004495a9","hash":"edebb3629af9c715f84cab3be087347ece18d1a4"}
,"/usr/src/app/src/repositories/rolRepository.js": {"path":"/usr/src/app/src/repositories/rolRepository.js","statementMap":{"0":{"start":{"line":1,"column":15},"end":{"line":1,"column":44}},"1":{"start":{"line":6,"column":4},"end":{"line":10,"column":7}},"2":{"start":{"line":14,"column":4},"end":{"line":19,"column":7}},"3":{"start":{"line":23,"column":4},"end":{"line":27,"column":7}},"4":{"start":{"line":31,"column":4},"end":{"line":33,"column":7}},"5":{"start":{"line":37,"column":4},"end":{"line":40,"column":7}},"6":{"start":{"line":44,"column":4},"end":{"line":46,"column":7}},"7":{"start":{"line":51,"column":0},"end":{"line":51,"column":37}}},"fnMap":{"0":{"name":"(anonymous_0)","decl":{"start":{"line":5,"column":2},"end":{"line":5,"column":3}},"loc":{"start":{"line":5,"column":18},"end":{"line":11,"column":3}},"line":5},"1":{"name":"(anonymous_1)","decl":{"start":{"line":13,"column":2},"end":{"line":13,"column":3}},"loc":{"start":{"line":13,"column":21},"end":{"line":20,"column":3}},"line":13},"2":{"name":"(anonymous_2)","decl":{"start":{"line":22,"column":2},"end":{"line":22,"column":3}},"loc":{"start":{"line":22,"column":27},"end":{"line":28,"column":3}},"line":22},"3":{"name":"(anonymous_3)","decl":{"start":{"line":30,"column":2},"end":{"line":30,"column":3}},"loc":{"start":{"line":30,"column":21},"end":{"line":34,"column":3}},"line":30},"4":{"name":"(anonymous_4)","decl":{"start":{"line":36,"column":2},"end":{"line":36,"column":3}},"loc":{"start":{"line":36,"column":25},"end":{"line":41,"column":3}},"line":36},"5":{"name":"(anonymous_5)","decl":{"start":{"line":43,"column":2},"end":{"line":43,"column":3}},"loc":{"start":{"line":43,"column":19},"end":{"line":47,"column":3}},"line":43}},"branchMap":{},"s":{"0":1,"1":0,"2":0,"3":0,"4":0,"5":0,"6":0,"7":1},"f":{"0":0,"1":0,"2":0,"3":0,"4":0,"5":0},"b":{},"_coverageSchema":"1a1c01bbd47fc00a2c39e90264f33305004495a9","hash":"be4c6c62a8d780f96a2ab55c74ff7c7379b76d9e"}
[...]
":{"line":102,"column":5}},"type":"if","locations":[{"start":{"line":100,"column":4},"end":{"line":102,"column":5}},{"start":{},"end":{}}],"line":100},"16":{"loc":{"start":{"line":100,"column":8},"end":{"line":100,"column":37}},"type":"binary-expr","locations":[{"start":{"line":100,"column":8},"end":{"line":100,"column":17}},{"start":{"line":100,"column":21},"end":{"line":100,"column":37}}],"line":100},"17":{"loc":{"start":{"line":104,"column":4},"end":{"line":106,"column":5}},"type":"if","locations":[{"start":{"line":104,"column":4},"end":{"line":106,"column":5}},{"start":{},"end":{}}],"line":104},"18":{"loc":{"start":{"line":104,"column":8},"end":{"line":104,"column":59}},"type":"binary-expr","locations":[{"start":{"line":104,"column":8},"end":{"line":104,"column":17}},{"start":{"line":104,"column":21},"end":{"line":104,"column":39}},{"start":{"line":104,"column":43},"end":{"line":104,"column":59}}],"line":104},"19":{"loc":{"start":{"line":119,"column":4},"end":{"line":119,"column":52}},"type":"if","locations":[{"start":{"line":119,"column":4},"end":{"line":119,"column":52}},{"start":{},"end":{}}],"line":119},"20":{"loc":{"start":{"line":124,"column":4},"end":{"line":126,"column":5}},"type":"if","locations":[{"start":{"line":124,"column":4},"end":{"line":126,"column":5}},{"start":{},"end":{}}],"line":124},"21":{"loc":{"start":{"line":124,"column":8},"end":{"line":124,"column":35}},"type":"binary-expr","locations":[{"start":{"line":124,"column":8},"end":{"line":124,"column":17}},{"start":{"line":124,"column":21},"end":{"line":124,"column":35}}],"line":124},"22":{"loc":{"start":{"line":129,"column":4},"end":{"line":131,"column":5}},"type":"if","locations":[{"start":{"line":129,"column":4},"end":{"line":131,"column":5}},{"start":{},"end":{}}],"line":129},"23":{"loc":{"start":{"line":129,"column":8},"end":{"line":129,"column":57}},"type":"binary-expr","locations":[{"start":{"line":129,"column":8},"end":{"line":129,"column":17}},{"start":{"line":129,"column":21},"end":{"line":129,"column":39}},{"start":{"line":129,"column":43},"end":{"line":129,"column":57}}],"line":129},"24":{"loc":{"start":{"line":134,"column":4},"end":{"line":136,"column":5}},"type":"if","locations":[{"start":{"line":134,"column":4},"end":{"line":136,"column":5}},{"start":{},"end":{}}],"line":134},"25":{"loc":{"start":{"line":134,"column":8},"end":{"line":134,"column":33}},"type":"binary-expr","locations":[{"start":{"line":134,"column":8},"end":{"line":134,"column":17}},{"start":{"line":134,"column":21},"end":{"line":134,"column":33}}],"line":134},"26":{"loc":{"start":{"line":138,"column":4},"end":{"line":140,"column":5}},"type":"if","locations":[{"start":{"line":138,"column":4},"end":{"line":140,"column":5}},{"start":{},"end":{}}],"line":138},"27":{"loc":{"start":{"line":155,"column":4},"end":{"line":155,"column":52}},"type":"if","locations":[{"start":{"line":155,"column":4},"end":{"line":155,"column":52}},{"start":{},"end":{}}],"line":155},"28":{"loc":{"start":{"line":160,"column":4},"end":{"line":162,"column":5}},"type":"if","locations":[{"start":{"line":160,"column":4},"end":{"line":162,"column":5}},{"start":{},"end":{}}],"line":160},"29":{"loc":{"start":{"line":160,"column":8},"end":{"line":160,"column":35}},"type":"binary-expr","locations":[{"start":{"line":160,"column":8},"end":{"line":160,"column":17}},{"start":{"line":160,"column":21},"end":{"line":160,"column":35}}],"line":160},"30":{"loc":{"start":{"line":164,"column":4},"end":{"line":166,"column":5}},"type":"if","locations":[{"start":{"line":164,"column":4},"end":{"line":166,"column":5}},{"start":{},"end":{}}],"line":164},"31":{"loc":{"start":{"line":164,"column":8},"end":{"line":164,"column":57}},"type":"binary-expr","locations":[{"start":{"line":164,"column":8},"end":{"line":164,"column":17}},{"start":{"line":164,"column":21},"end":{"line":164,"column":39}},{"start":{"line":164,"column":43},"end":{"line":164,"column":57}}],"line":164},"32":{"loc":{"start":{"line":168,"column":4},"end":{"line":170,"column":5}},"type":"if","locations":[{"start":{"line":168,"column":4},"end":{"line":170,"column":5}},{"start":{},"end":{}}],"line":168},"33":{"loc":{"start":{"line":168,"column":8},"end":{"line":168,"column":33}},"type":"binary-expr","locations":[{"start":{"line":168,"column":8},"end":{"line":168,"column":17}},{"start":{"line":168,"column":21},"end":{"line":168,"column":33}}],"line":168},"34":{"loc":{"start":{"line":172,"column":4},"end":{"line":174,"column":5}},"type":"if","locations":[{"start":{"line":172,"column":4},"end":{"line":174,"column":5}},{"start":{},"end":{}}],"line":172},"35":{"loc":{"start":{"line":189,"column":4},"end":{"line":189,"column":52}},"type":"if","locations":[{"start":{"line":189,"column":4},"end":{"line":189,"column":52}},{"start":{},"end":{}}],"line":189},"36":{"loc":{"start":{"line":194,"column":4},"end":{"line":196,"column":5}},"type":"if","locations":[{"start":{"line":194,"column":4},"end":{"line":196,"column":5}},{"start":{},"end":{}}],"line":194},"37":{"loc":{"start":{"line":194,"column":8},"end":{"line":194,"column":35}},"type":"binary-expr","locations":[{"start":{"line":194,"column":8},"end":{"line":194,"column":17}},{"start":{"line":194,"column":21},"end":{"line":194,"column":35}}],"line":194},"38":{"loc":{"start":{"line":198,"column":4},"end":{"line":200,"column":5}},"type":"if","locations":[{"start":{"line":198,"column":4},"end":{"line":200,"column":5}},{"start":{},"end":{}}],"line":198},"39":{"loc":{"start":{"line":198,"column":8},"end":{"line":198,"column":57}},"type":"binary-expr","locations":[{"start":{"line":198,"column":8},"end":{"line":198,"column":17}},{"start":{"line":198,"column":21},"end":{"line":198,"column":39}},{"start":{"line":198,"column":43},"end":{"line":198,"column":57}}],"line":198}},"s":{"0":1,"1":1,"2":1,"3":0,"4":0,"5":0,"6":0,"7":0,"8":0,"9":0,"10":0,"11":0,"12":0,"13":0,"14":0,"15":0,"16":0,"17":0,"18":0,"19":0,"20":0,"21":0,"22":0,"23":0,"24":0,"25":0,"26":0,"27":0,"28":0,"29":0,"30":0,"31":0,"32":0,"33":0,"34":0,"35":0,"36":0,"37":0,"38":0,"39":0,"40":0,"41":0,"42":0,"43":0,"44":0,"45":0,"46":0,"47":0,"48":0,"49":0,"50":0,"51":0,"52":0,"53":0,"54":0,"55":0,"56":0,"57":0,"58":0,"59":0,"60":0,"61":0,"62":0,"63":0,"64":0,"65":0,"66":0,"67":0,"68":0,"69":0,"70":0,"71":0,"72":0,"73":0,"74":0,"75":0,"76":0,"77":0,"78":0,"79":0,"80":0,"81":0,"82":0,"83":0,"84":0,"85":0,"86":0,"87":0,"88":0,"89":0,"90":0,"91":0,"92":0,"93":0,"94":0,"95":0,"96":0,"97":0,"98":0,"99":0,"100":0,"101":0,"102":0,"103":0,"104":0,"105":1},"f":{"0":0,"1":0,"2":0,"3":0,"4":0,"5":0,"6":0,"7":0,"8":0},"b":{"0":[0,0],"1":[0,0],"2":[0,0],"3":[0,0],"4":[0,0],"5":[0,0],"6":[0,0],"7":[0,0],"8":[0,0],"9":[0,0],"10":[0,0],"11":[0,0],"12":[0,0],"13":[0,0],"14":[0,0],"15":[0,0],"16":[0,0],"17":[0,0],"18":[0,0,0],"19":[0,0],"20":[0,0],"21":[0,0],"22":[0,0],"23":[0,0,0],"24":[0,0],"25":[0,0],"26":[0,0],"27":[0,0],"28":[0,0],"29":[0,0],"30":[0,0],"31":[0,0,0],"32":[0,0],"33":[0,0],"34":[0,0],"35":[0,0],"36":[0,0],"37":[0,0],"38":[0,0],"39":[0,0,0]},"_coverageSchema":"1a1c01bbd47fc00a2c39e90264f33305004495a9","hash":"e28e411c6fb43be8e07bb35f1e4a348bae1c12dc"}
,"/usr/src/app/src/services/ventaService.js": {"path":"/usr/src/app/src/services/ventaService.js","statementMap":{"0":{"start":{"line":1,"column":15},"end":{"line":1,"column":44}},"1":{"start":{"line":2,"column":15},"end":{"line":2,"column":32}},"2":{"start":{"line":4,"column":24},"end":{"line":4,"column":66}},"3":{"start":{"line":5,"column":31},"end":{"line":5,"column":80}},"4":{"start":{"line":10,"column":4},"end":{"line":10,"column":44}},"5":{"start":{"line":14,"column":4},"end":{"line":14,"column":49}},"6":{"start":{"line":19,"column":4},"end":{"line":23,"column":5}},"7":{"start":{"line":20,"column":20},"end":{"line":20,"column":47}},"8":{"start":{"line":21,"column":6},"end":{"line":21,"column":29}},"9":{"start":{"line":22,"column":6},"end":{"line":22,"column":18}},"10":{"start":{"line":25,"column":4},"end":{"line":25,"column":33}},"11":{"start":{"line":30,"column":16},"end":{"line":30,"column":37}},"12":{"start":{"line":32,"column":4},"end":{"line":36,"column":5}},"13":{"start":{"line":33,"column":20},"end":{"line":33,"column":51}},"14":{"start":{"line":34,"column":6},"end":{"line":34,"column":29}},"15":{"start":{"line":35,"column":6},"end":{"line":35,"column":18}},"16":{"start":{"line":42,"column":4},"end":{"line":46,"column":5}},"17":{"start":{"line":43,"column":20},"end":{"line":43,"column":66}},"18":{"start":{"line":44,"column":6},"end":{"line":44,"column":29}},"19":{"start":{"line":45,"column":6},"end":{"line":45,"column":18}},"20":{"start":{"line":51,"column":2},"end":{"line":51,"column":43}},"21":{"start":{"line":56,"column":16},"end":{"line":56,"column":41}},"22":{"start":{"line":58,"column":4},"end":{"line":60,"column":5}},"23":{"start":{"line":59,"column":6},"end":{"line":59,"column":53}},"24":{"start":{"line":62,"column":4},"end":{"line":62,"column":37}},"25":{"start":{"line":68,"column":4},"end":{"line":68,"column":30}},"26":{"start":{"line":70,"column":18},"end":{"line":70,"column":52}},"27":{"start":{"line":72,"column":4},"end":{"line":74,"column":5}},"28":{"start":{"line":73,"column":6},"end":{"line":73,"column":45}},"29":{"start":{"line":76,"column":4},"end":{"line":76,"column":17}},"30":{"start":{"line":82,"column":4},"end":{"line":82,"column":28}},"31":{"start":{"line":84,"column":4},"end":{"line":100,"column":7}},"32":{"start":{"line":106,"column":4},"end":{"line":106,"column":28}},"33":{"start":{"line":108,"column":18},"end":{"line":123,"column":6}},"34":{"start":{"line":125,"column":4},"end":{"line":127,"column":5}},"35":{"start":{"line":126,"column":6},"end":{"line":126,"column":45}},"36":{"start":{"line":129,"column":4},"end":{"line":129,"column":17}},"37":{"start":{"line":135,"column":4},"end":{"line":135,"column":30}},"38":{"start":{"line":136,"column":4},"end":{"line":136,"column":34}},"39":{"start":{"line":138,"column":16},"end":{"line":138,"column":43}},"40":{"start":{"line":139,"column":23},"end":{"line":139,"column":47}},"41":{"start":{"line":141,"column":4},"end":{"line":207,"column":7}},"42":{"start":{"line":144,"column":19},"end":{"line":146,"column":8}},"43":{"start":{"line":148,"column":6},"end":{"line":150,"column":7}},"44":{"start":{"line":149,"column":8},"end":{"line":149,"column":47}},"45":{"start":{"line":152,"column":18},"end":{"line":152,"column":19}},"46":{"start":{"line":154,"column":20},"end":{"line":163,"column":11}},"47":{"start":{"line":165,"column":6},"end":{"line":192,"column":7}},"48":{"start":{"line":167,"column":25},"end":{"line":169,"column":10}},"49":{"start":{"line":171,"column":8},"end":{"line":173,"column":9}},"50":{"start":{"line":172,"column":10},"end":{"line":172,"column":52}},"51":{"start":{"line":175,"column":8},"end":{"line":177,"column":9}},"52":{"start":{"line":176,"column":10},"end":{"line":176,"column":79}},"53":{"start":{"line":179,"column":25},"end":{"line":179,"column":71}},"54":{"start":{"line":181,"column":8},"end":{"line":181,"column":26}},"55":{"start":{"line":183,"column":8},"end":{"line":190,"column":14}},"56":{"start":{"line":194,"column":25},"end":{"line":200,"column":8}},"57":{"start":{"line":202,"column":6},"end":{"line":205,"column":8}},"58":{"start":{"line":213,"column":4},"end":{"line":213,"column":28}},"59":{"start":{"line":215,"column":4},"end":{"line":217,"column":5}},"60":{"start":{"line":216,"column":6},"end":{"line":216,"column":55}},"61":{"start":{"line":219,"column":4},"end":{"line":278,"column":7}},"62":{"start":{"line":221,"column":20},"end":{"line":227,"column":8}},"63":{"start":{"line":229,"column":6},"end":{"line":231,"column":7}},"64":{"start":{"line":230,"column":8},"end":{"line":230,"column":47}},"65":{"start":{"line":233,"column":6},"end":{"line":235,"column":7}},"66":{"start":{"line":234,"column":8},"end":{"line":234,"column":51}},"67":{"start":{"line":237,"column":6},"end":{"line":265,"column":7}},"68":{"start":{"line":239,"column":25},"end":{"line":241,"column":10}},"69":{"start":{"line":243,"column":8},"end":{"line":245,"column":9}},"70":{"start":{"line":244,"column":10},"end":{"line":244,"column":48}},"71":{"start":{"line":247,"column":27},"end":{"line":247,"column":57}},"72":{"start":{"line":249,"column":8},"end":{"line":252,"column":11}},"73":{"start":{"line":254,"column":8},"end":{"line":263,"column":11}},"74":{"start":{"line":267,"column":6},"end":{"line":276,"column":9}},"75":{"start":{"line":284,"column":4},"end":{"line":284,"column":28}},"76":{"start":{"line":286,"column":4},"end":{"line":286,"column":43}},"77":{"start":{"line":292,"column":4},"end":{"line":292,"column":28}},"78":{"start":{"line":294,"column":4},"end":{"line":294,"column":38}},"79":{"start":{"line":300,"column":0},"end":{"line":300,"column":36}}},"fnMap":{"0":{"name":"(anonymous_0)","decl":{"start":{"line":9,"column":2},"end":{"line":9,"column":3}},"loc":{"start":{"line":9,"column":18},"end":{"line":11,"column":3}},"line":9},"1":{"name":"(anonymous_1)","decl":{"start":{"line":13,"column":2},"end":{"line":13,"column":3}},"loc":{"start":{"line":13,"column":24},"end":{"line":15,"column":3}},"line":13},"2":{"name":"(anonymous_2)","decl":{"start":{"line":17,"column":2},"end":{"line":17,"column":3}},"loc":{"start":{"line":17,"column":22},"end":{"line":26,"column":3}},"line":17},"3":{"name":"(anonymous_3)","decl":{"start":{"line":28,"column":2},"end":{"line":28,"column":3}},"loc":{"start":{"line":28,"column":20},"end":{"line":38,"column":3}},"line":28},"4":{"name":"(anonymous_4)","decl":{"start":{"line":40,"column":2},"end":{"line":40,"column":3}},"loc":{"start":{"line":40,"column":26},"end":{"line":48,"column":3}},"line":40},"5":{"name":"(anonymous_5)","decl":{"start":{"line":50,"column":2},"end":{"line":50,"column":3}},"loc":{"start":{"line":50,"column":21},"end":{"line":52,"column":1}},"line":50},"6":{"name":"(anonymous_6)","decl":{"start":{"line":54,"column":2},"end":{"line":54,"column":3}},"loc":{"start":{"line":54,"column":20},"end":{"line":64,"column":3}},"line":54},"7":{"name":"(anonymous_7)","decl":{"start":{"line":66,"column":2},"end":{"line":66,"column":3}},"loc":{"start":{"line":66,"column":24},"end":{"line":78,"column":3}},"line":66},"8":{"name":"(anonymous_8)","decl":{"start":{"line":80,"column":2},"end":{"line":80,"column":3}},"loc":{"start":{"line":80,"column":27},"end":{"line":102,"column":3}},"line":80},"9":{"name":"(anonymous_9)","decl":{"start":{"line":104,"column":2},"end":{"line":104,"column":3}},"loc":{"start":{"line":104,"column":32},"end":{"line":131,"column":3}},"line":104},"10":{"name":"(anonymous_10)","decl":{"start":{"line":133,"column":2},"end":{"line":133,"column":3}},"loc":{"start":{"line":133,"column":25},"end":{"line":209,"column":3}},"line":133},"11":{"name":"(anonymous_11)","decl":{"start":{"line":141,"column":31},"end":{"line":141,"column":32}},"loc":{"start":{"line":141,"column":42},"end":{"line":207,"column":5}},"line":141},"12":{"name":"(anonymous_12)","decl":{"start":{"line":211,"column":2},"end":{"line":211,"column":3}},"loc":{"start":{"line":211,"column":27},"end":{"line":280,"column":3}},"line":211},"13":{"name":"(anonymous_13)","decl":{"start":{"line":219,"column":31},"end":{"line":219,"column":32}},"loc":{"start":{"line":219,"column":42},"end":{"line":278,"column":5}},"line":219},"14":{"name":"(anonymous_14)","decl":{"start":{"line":282,"column":2},"end":{"line":282,"column":3}},"loc":{"start":{"line":282,"column":28},"end":{"line":288,"column":3}},"line":282},"15":{"name":"(anonymous_15)","decl":{"start":{"line":290,"column":2},"end":{"line":290,"column":3}},"loc":{"start":{"line":290,"column":23},"end":{"line":296,"column":3}},"line":290}},"branchMap":{"0":{"loc":{"start":{"line":10,"column":18},"end":{"line":10,"column":42}},"type":"binary-expr","locations":[{"start":{"line":10,"column":18},"end":{"line":10,"column":30}},{"start":{"line":10,"column":34},"end":{"line":10,"column":42}}],"line":10},"1":{"loc":{"start":{"line":14,"column":18},"end":{"line":14,"column":47}},"type":"binary-expr","locations":[{"start":{"line":14,"column":18},"end":{"line":14,"column":36}},{"start":{"line":14,"column":40},"end":{"line":14,"column":47}}],"line":14},"2":{"loc":{"start":{"line":19,"column":4},"end":{"line":23,"column":5}},"type":"if","locations":[{"start":{"line":19,"column":4},"end":{"line":23,"column":5}},{"start":{},"end":{}}],"line":19},"3":{"loc":{"start":{"line":32,"column":4},"end":{"line":36,"column":5}},"type":"if","locations":[{"start":{"line":32,"column":4},"end":{"line":36,"column":5}},{"start":{},"end":{}}],"line":32},"4":{"loc":{"start":{"line":42,"column":4},"end":{"line":46,"column":5}},"type":"if","locations":[{"start":{"line":42,"column":4},"end":{"line":46,"column":5}},{"start":{},"end":{}}],"line":42},"5":{"loc":{"start":{"line":42,"column":7},"end":{"line":42,"column":84}},"type":"binary-expr","locations":[{"start":{"line":42,"column":7},"end":{"line":42,"column":21}},{"start":{"line":42,"column":25},"end":{"line":42,"column":54}},{"start":{"line":42,"column":58},"end":{"line":42,"column":84}}],"line":42},"6":{"loc":{"start":{"line":58,"column":4},"end":{"line":60,"column":5}},"type":"if","locations":[{"start":{"line":58,"column":4},"end":{"line":60,"column":5}},{"start":{},"end":{}}],"line":58},"7":{"loc":{"start":{"line":72,"column":4},"end":{"line":74,"column":5}},"type":"if","locations":[{"start":{"line":72,"column":4},"end":{"line":74,"column":5}},{"start":{},"end":{}}],"line":72},"8":{"loc":{"start":{"line":125,"column":4},"end":{"line":127,"column":5}},"type":"if","locations":[{"start":{"line":125,"column":4},"end":{"line":127,"column":5}},{"start":{},"end":{}}],"line":125},"9":{"loc":{"start":{"line":148,"column":6},"end":{"line":150,"column":7}},"type":"if","locations":[{"start":{"line":148,"column":6},"end":{"line":150,"column":7}},{"start":{},"end":{}}],"line":148},"10":{"loc":{"start":{"line":171,"column":8},"end":{"line":173,"column":9}},"type":"if","locations":[{"start":{"line":171,"column":8},"end":{"line":173,"column":9}},{"start":{},"end":{}}],"line":171},"11":{"loc":{"start":{"line":175,"column":8},"end":{"line":177,"column":9}},"type":"if","locations":[{"start":{"line":175,"column":8},"end":{"line":177,"column":9}},{"start":{},"end":{}}],"line":175},"12":{"loc":{"start":{"line":215,"column":4},"end":{"line":217,"column":5}},"type":"if","locations":[{"start":{"line":215,"column":4},"end":{"line":217,"column":5}},{"start":{},"end":{}}],"line":215},"13":{"loc":{"start":{"line":229,"column":6},"end":{"line":231,"column":7}},"type":"if","locations":[{"start":{"line":229,"column":6},"end":{"line":231,"column":7}},{"start":{},"end":{}}],"line":229},"14":{"loc":{"start":{"line":233,"column":6},"end":{"line":235,"column":7}},"type":"if","locations":[{"start":{"line":233,"column":6},"end":{"line":235,"column":7}},{"start":{},"end":{}}],"line":233},"15":{"loc":{"start":{"line":243,"column":8},"end":{"line":245,"column":9}},"type":"if","locations":[{"start":{"line":243,"column":8},"end":{"line":245,"column":9}},{"start":{},"end":{}}],"line":243}},"s":{"0":1,"1":1,"2":1,"3":1,"4":0,"5":0,"6":0,"7":0,"8":0,"9":0,"10":0,"11":0,"12":0,"13":0,"14":0,"15":0,"16":0,"17":0,"18":0,"19":0,"20":0,"21":0,"22":0,"23":0,"24":0,"25":0,"26":0,"27":0,"28":0,"29":0,"30":0,"31":0,"32":0,"33":0,"34":0,"35":0,"36":0,"37":0,"38":0,"39":0,"40":0,"41":0,"42":0,"43":0,"44":0,"45":0,"46":0,"47":0,"48":0,"49":0,"50":0,"51":0,"52":0,"53":0,"54":0,"55":0,"56":0,"57":0,"58":0,"59":0,"60":0,"61":0,"62":0,"63":0,"64":0,"65":0,"66":0,"67":0,"68":0,"69":0,"70":0,"71":0,"72":0,"73":0,"74":0,"75":0,"76":0,"77":0,"78":0,"79":1},"f":{"0":0,"1":0,"2":0,"3":0,"4":0,"5":0,"6":0,"7":0,"8":0,"9":0,"10":0,"11":0,"12":0,"13":0,"14":0,"15":0},"b":{"0":[0,0],"1":[0,0],"2":[0,0],"3":[0,0],"4":[0,0],"5":[0,0,0],"6":[0,0],"7":[0,0],"8":[0,0],"9":[0,0],"10":[0,0],"11":[0,0],"12":[0,0],"13":[0,0],"14":[0,0],"15":[0,0]},"_coverageSchema":"1a1c01bbd47fc00a2c39e90264f33305004495a9","hash":"a9859a666fabe0cf6b5c90d9048fa70242a0d1c4"}
}
