TN:
SF:src/app.js
FN:57,(anonymous_0)
FN:87,(anonymous_1)
FNF:2
FNH:1
FNDA:16,(anonymous_0)
FNDA:0,(anonymous_1)
DA:1,1
DA:5,1
DA:6,1
DA:10,1
DA:13,1
DA:18,1
DA:22,1
DA:23,1
DA:24,1
DA:25,1
DA:26,1
DA:27,1
DA:28,1
DA:29,1
DA:30,1
DA:31,1
DA:32,1
DA:36,1
DA:42,1
DA:46,1
DA:50,1
DA:55,1
DA:59,16
DA:61,0
DA:62,0
DA:64,0
DA:73,1
DA:74,1
DA:75,1
DA:76,1
DA:77,1
DA:78,1
DA:79,1
DA:80,1
DA:81,1
DA:82,1
DA:83,1
DA:87,1
DA:89,0
DA:95,0
DA:104,1
DA:106,1
LF:42
LH:37
BRDA:59,0,0,16
BRDA:59,0,1,0
BRDA:61,1,0,0
BRDA:61,1,1,0
BRF:4
BRH:1
end_of_record
TN:
SF:src/config/database.js
FNF:0
FNH:0
DA:1,1
DA:3,1
DA:5,1
LF:3
LH:3
BRF:0
BRH:0
end_of_record
TN:
SF:src/config/logger.js
FNF:0
FNH:0
DA:1,1
DA:3,1
DA:17,1
LF:3
LH:3
BRF:0
BRH:0
end_of_record
TN:
SF:src/controllers/authController.js
FN:7,(anonymous_0)
FN:58,(anonymous_1)
FNF:2
FNH:1
FNDA:3,(anonymous_0)
FNDA:0,(anonymous_1)
DA:1,1
DA:2,1
DA:3,1
DA:9,3
DA:11,3
DA:13,3
DA:21,3
DA:23,3
DA:28,3
DA:35,0
DA:37,0
DA:42,0
DA:46,0
DA:52,0
DA:60,0
DA:62,0
DA:64,0
DA:66,0
DA:71,0
DA:78,0
DA:80,0
DA:84,0
DA:89,0
DA:96,0
DA:102,0
DA:110,1
LF:26
LH:10
BRDA:21,0,0,3
BRDA:21,0,1,0
BRDA:21,1,0,3
BRDA:21,1,1,0
BRDA:64,2,0,0
BRDA:64,2,1,0
BRF:6
BRH:2
end_of_record
TN:
SF:src/controllers/cajaController.js
FN:4,(anonymous_0)
FN:35,(anonymous_1)
FN:61,(anonymous_2)
FN:92,(anonymous_3)
FN:118,(anonymous_4)
FN:144,(anonymous_5)
FNF:6
FNH:0
FNDA:0,(anonymous_0)
FNDA:0,(anonymous_1)
FNDA:0,(anonymous_2)
FNDA:0,(anonymous_3)
FNDA:0,(anonymous_4)
FNDA:0,(anonymous_5)
DA:1,1
DA:2,1
DA:4,1
DA:6,0
DA:8,0
DA:13,0
DA:15,0
DA:20,0
DA:24,0
DA:29,0
DA:35,1
DA:37,0
DA:39,0
DA:44,0
DA:46,0
DA:50,0
DA:55,0
DA:61,1
DA:63,0
DA:65,0
DA:70,0
DA:72,0
DA:77,0
DA:81,0
DA:86,0
DA:92,1
DA:94,0
DA:96,0
DA:101,0
DA:103,0
DA:107,0
DA:112,0
DA:118,1
DA:120,0
DA:122,0
DA:127,0
DA:129,0
DA:133,0
DA:138,0
DA:144,1
DA:146,0
DA:148,0
DA:153,0
DA:155,0
DA:159,0
DA:164,0
LF:46
LH:8
BRF:0
BRH:0
end_of_record
TN:
SF:src/controllers/cancionController.js
FN:4,(anonymous_0)
FN:33,(anonymous_1)
FN:59,(anonymous_2)
FN:85,(anonymous_3)
FN:116,(anonymous_4)
FNF:5
FNH:0
FNDA:0,(anonymous_0)
FNDA:0,(anonymous_1)
FNDA:0,(anonymous_2)
FNDA:0,(anonymous_3)
FNDA:0,(anonymous_4)
DA:1,1
DA:2,1
DA:4,1
DA:6,0
DA:8,0
DA:13,0
DA:15,0
DA:22,0
DA:27,0
DA:33,1
DA:35,0
DA:37,0
DA:42,0
DA:44,0
DA:48,0
DA:53,0
DA:59,1
DA:61,0
DA:63,0
DA:68,0
DA:70,0
DA:74,0
DA:79,0
DA:85,1
DA:87,0
DA:89,0
DA:95,0
DA:101,0
DA:105,0
DA:110,0
DA:116,1
DA:118,0
DA:120,0
DA:126,0
DA:128,0
DA:135,0
DA:140,0
LF:37
LH:7
BRF:0
BRH:0
end_of_record
TN:
SF:src/controllers/horarioController.js
FN:4,(anonymous_0)
FN:30,(anonymous_1)
FN:59,(anonymous_2)
FN:85,(anonymous_3)
FN:115,(anonymous_4)
FNF:5
FNH:0
FNDA:0,(anonymous_0)
FNDA:0,(anonymous_1)
FNDA:0,(anonymous_2)
FNDA:0,(anonymous_3)
FNDA:0,(anonymous_4)
DA:1,1
DA:2,1
DA:4,1
DA:6,0
DA:8,0
DA:13,0
DA:15,0
DA:19,0
DA:24,0
DA:30,1
DA:32,0
DA:34,0
DA:39,0
DA:44,0
DA:48,0
DA:53,0
DA:59,1
DA:61,0
DA:63,0
DA:68,0
DA:70,0
DA:74,0
DA:79,0
DA:85,1
DA:87,0
DA:89,0
DA:94,0
DA:100,0
DA:104,0
DA:109,0
DA:115,1
DA:117,0
DA:119,0
DA:124,0
DA:126,0
DA:133,0
DA:138,0
LF:37
LH:7
BRF:0
BRH:0
end_of_record
TN:
SF:src/controllers/mesaController.js
FN:4,(anonymous_0)
FN:26,(anonymous_1)
FN:52,(anonymous_2)
FN:80,(anonymous_3)
FNF:4
FNH:0
FNDA:0,(anonymous_0)
FNDA:0,(anonymous_1)
FNDA:0,(anonymous_2)
FNDA:0,(anonymous_3)
DA:1,1
DA:2,1
DA:4,1
DA:5,0
DA:7,0
DA:11,0
DA:13,0
DA:17,0
DA:22,0
DA:26,1
DA:27,0
DA:29,0
DA:34,0
DA:39,0
DA:43,0
DA:48,0
DA:52,1
DA:53,0
DA:55,0
DA:61,0
DA:67,0
DA:71,0
DA:76,0
DA:80,1
DA:81,0
DA:83,0
DA:89,0
DA:94,0
DA:101,0
DA:106,0
LF:30
LH:6
BRF:0
BRH:0
end_of_record
TN:
SF:src/controllers/parqueaderoController.js
FN:4,(anonymous_0)
FN:26,(anonymous_1)
FN:52,(anonymous_2)
FN:79,(anonymous_3)
FNF:4
FNH:0
FNDA:0,(anonymous_0)
FNDA:0,(anonymous_1)
FNDA:0,(anonymous_2)
FNDA:0,(anonymous_3)
DA:1,1
DA:2,1
DA:4,1
DA:5,0
DA:7,0
DA:11,0
DA:13,0
DA:17,0
DA:22,0
DA:26,1
DA:27,0
DA:29,0
DA:34,0
DA:39,0
DA:43,0
DA:48,0
DA:52,1
DA:53,0
DA:55,0
DA:60,0
DA:66,0
DA:70,0
DA:75,0
DA:79,1
DA:80,0
DA:82,0
DA:87,0
DA:92,0
DA:99,0
DA:104,0
LF:30
LH:6
BRF:0
BRH:0
end_of_record
TN:
SF:src/controllers/productoController.js
FN:4,(anonymous_0)
FN:29,(anonymous_1)
FN:57,(anonymous_2)
FN:85,(anonymous_3)
FN:114,(anonymous_4)
FNF:5
FNH:0
FNDA:0,(anonymous_0)
FNDA:0,(anonymous_1)
FNDA:0,(anonymous_2)
FNDA:0,(anonymous_3)
FNDA:0,(anonymous_4)
DA:1,1
DA:2,1
DA:4,1
DA:6,0
DA:8,0
DA:13,0
DA:15,0
DA:19,0
DA:24,0
DA:29,1
DA:31,0
DA:33,0
DA:38,0
DA:43,0
DA:47,0
DA:52,0
DA:57,1
DA:59,0
DA:61,0
DA:66,0
DA:71,0
DA:75,0
DA:80,0
DA:85,1
DA:87,0
DA:89,0
DA:94,0
DA:100,0
DA:104,0
DA:109,0
DA:114,1
DA:116,0
DA:118,0
DA:123,0
DA:128,0
DA:135,0
DA:140,0
LF:37
LH:7
BRF:0
BRH:0
end_of_record
TN:
SF:src/controllers/reservaController.js
FN:4,(anonymous_0)
FN:30,(anonymous_1)
FN:56,(anonymous_2)
FN:85,(anonymous_3)
FN:115,(anonymous_4)
FN:147,(anonymous_5)
FN:177,(anonymous_6)
FN:205,(anonymous_7)
FNF:8
FNH:0
FNDA:0,(anonymous_0)
FNDA:0,(anonymous_1)
FNDA:0,(anonymous_2)
FNDA:0,(anonymous_3)
FNDA:0,(anonymous_4)
FNDA:0,(anonymous_5)
FNDA:0,(anonymous_6)
FNDA:0,(anonymous_7)
DA:1,1
DA:2,1
DA:4,1
DA:6,0
DA:8,0
DA:13,0
DA:15,0
DA:19,0
DA:24,0
DA:30,1
DA:32,0
DA:34,0
DA:39,0
DA:41,0
DA:45,0
DA:50,0
DA:56,1
DA:58,0
DA:60,0
DA:65,0
DA:70,0
DA:74,0
DA:79,0
DA:85,1
DA:87,0
DA:89,0
DA:94,0
DA:100,0
DA:104,0
DA:109,0
DA:115,1
DA:117,0
DA:119,0
DA:124,0
DA:129,0
DA:136,0
DA:141,0
DA:147,1
DA:149,0
DA:151,0
DA:157,0
DA:162,0
DA:166,0
DA:171,0
DA:177,1
DA:179,0
DA:181,0
DA:185,0
DA:190,0
DA:194,0
DA:199,0
DA:205,1
DA:207,0
DA:209,0
DA:214,0
DA:219,0
DA:223,0
DA:228,0
LF:58
LH:10
BRF:0
BRH:0
end_of_record
TN:
SF:src/controllers/rolController.js
FN:4,(anonymous_0)
FN:29,(anonymous_1)
FN:55,(anonymous_2)
FN:84,(anonymous_3)
FN:110,(anonymous_4)
FNF:5
FNH:0
FNDA:0,(anonymous_0)
FNDA:0,(anonymous_1)
FNDA:0,(anonymous_2)
FNDA:0,(anonymous_3)
FNDA:0,(anonymous_4)
DA:1,1
DA:2,1
DA:4,1
DA:6,0
DA:8,0
DA:12,0
DA:14,0
DA:18,0
DA:23,0
DA:29,1
DA:31,0
DA:33,0
DA:38,0
DA:40,0
DA:44,0
DA:49,0
DA:55,1
DA:57,0
DA:59,0
DA:63,0
DA:65,0
DA:73,0
DA:78,0
DA:84,1
DA:86,0
DA:88,0
DA:93,0
DA:95,0
DA:99,0
DA:104,0
DA:110,1
DA:112,0
DA:114,0
DA:119,0
DA:121,0
DA:128,0
DA:133,0
LF:37
LH:7
BRF:0
BRH:0
end_of_record
TN:
SF:src/controllers/usuarioController.js
FN:4,(anonymous_0)
FN:31,(anonymous_1)
FN:58,(anonymous_2)
FN:81,(anonymous_3)
FN:108,(anonymous_4)
FN:136,(anonymous_5)
FN:164,(anonymous_6)
FNF:7
FNH:0
FNDA:0,(anonymous_0)
FNDA:0,(anonymous_1)
FNDA:0,(anonymous_2)
FNDA:0,(anonymous_3)
FNDA:0,(anonymous_4)
FNDA:0,(anonymous_5)
FNDA:0,(anonymous_6)
DA:1,1
DA:2,1
DA:4,1
DA:5,0
DA:7,0
DA:12,0
DA:14,0
DA:22,0
DA:27,0
DA:31,1
DA:32,0
DA:34,0
DA:39,0
DA:41,0
DA:45,0
DA:49,0
DA:54,0
DA:58,1
DA:59,0
DA:61,0
DA:66,0
DA:68,0
DA:72,0
DA:77,0
DA:81,1
DA:82,0
DA:84,0
DA:90,0
DA:95,0
DA:99,0
DA:104,0
DA:108,1
DA:109,0
DA:111,0
DA:117,0
DA:123,0
DA:127,0
DA:132,0
DA:136,1
DA:137,0
DA:139,0
DA:145,0
DA:151,0
DA:155,0
DA:160,0
DA:164,1
DA:165,0
DA:167,0
DA:173,0
DA:178,0
DA:185,0
DA:190,0
LF:52
LH:9
BRF:0
BRH:0
end_of_record
TN:
SF:src/controllers/ventaController.js
FN:4,(anonymous_0)
FN:27,(anonymous_1)
FN:54,(anonymous_2)
FN:77,(anonymous_3)
FN:104,(anonymous_4)
FN:130,(anonymous_5)
FN:158,(anonymous_6)
FN:186,(anonymous_7)
FNF:8
FNH:0
FNDA:0,(anonymous_0)
FNDA:0,(anonymous_1)
FNDA:0,(anonymous_2)
FNDA:0,(anonymous_3)
FNDA:0,(anonymous_4)
FNDA:0,(anonymous_5)
FNDA:0,(anonymous_6)
FNDA:0,(anonymous_7)
DA:1,1
DA:2,1
DA:4,1
DA:5,0
DA:7,0
DA:12,0
DA:14,0
DA:18,0
DA:23,0
DA:27,1
DA:28,0
DA:30,0
DA:36,0
DA:41,0
DA:45,0
DA:50,0
DA:54,1
DA:55,0
DA:57,0
DA:62,0
DA:64,0
DA:68,0
DA:73,0
DA:77,1
DA:78,0
DA:80,0
DA:86,0
DA:91,0
DA:95,0
DA:100,0
DA:104,1
DA:105,0
DA:107,0
DA:112,0
DA:117,0
DA:121,0
DA:126,0
DA:130,1
DA:131,0
DA:133,0
DA:139,0
DA:145,0
DA:149,0
DA:154,0
DA:158,1
DA:159,0
DA:161,0
DA:167,0
DA:173,0
DA:177,0
DA:182,0
DA:186,1
DA:187,0
DA:189,0
DA:195,0
DA:200,0
DA:207,0
DA:212,0
LF:58
LH:10
BRF:0
BRH:0
end_of_record
TN:
SF:src/middlewares/auditoriaMiddleware.js
FN:3,(anonymous_0)
FN:5,(anonymous_1)
FNF:2
FNH:1
FNDA:2,(anonymous_0)
FNDA:0,(anonymous_1)
DA:1,1
DA:3,1
DA:5,2
DA:7,0
DA:9,0
DA:11,0
DA:12,0
DA:15,0
DA:30,0
DA:34,0
LF:10
LH:3
BRDA:11,0,0,0
BRDA:11,0,1,0
BRDA:21,1,0,0
BRDA:21,1,1,0
BRF:4
BRH:0
end_of_record
TN:
SF:src/middlewares/authMiddleware.js
FN:4,(anonymous_0)
FNF:1
FNH:1
FNDA:13,(anonymous_0)
DA:1,1
DA:2,1
DA:4,1
DA:6,13
DA:8,13
DA:9,0
DA:12,13
DA:14,13
DA:16,13
DA:20,13
DA:21,0
DA:24,13
DA:26,0
DA:28,0
DA:32,13
LF:15
LH:11
BRDA:8,0,0,0
BRDA:8,0,1,13
BRDA:20,1,0,0
BRDA:20,1,1,13
BRF:4
BRH:2
end_of_record
TN:
SF:src/middlewares/errorMiddleware.js
FN:3,(anonymous_0)
FNF:1
FNH:0
FNDA:0,(anonymous_0)
DA:1,1
DA:3,1
DA:5,0
DA:7,0
DA:15,0
DA:23,1
LF:6
LH:3
BRDA:5,0,0,0
BRDA:5,0,1,0
BRDA:17,1,0,0
BRDA:17,1,1,0
BRDA:18,2,0,0
BRDA:18,2,1,0
BRF:6
BRH:0
end_of_record
TN:
SF:src/middlewares/loggerMiddleware.js
FN:8,(anonymous_0)
FN:16,(anonymous_1)
FN:22,(anonymous_2)
FNF:3
FNH:2
FNDA:16,(anonymous_0)
FNDA:16,(anonymous_1)
FNDA:0,(anonymous_2)
DA:1,1
DA:2,1
DA:4,1
DA:10,16
DA:11,16
DA:12,16
DA:18,16
DA:24,0
DA:30,1
LF:9
LH:8
BRDA:10,0,0,0
BRDA:10,0,1,16
BRDA:11,1,0,0
BRDA:11,1,1,16
BRF:4
BRH:2
end_of_record
TN:
SF:src/middlewares/ownerOrAdmin.js
FN:1,(anonymous_0)
FNF:1
FNH:0
FNDA:0,(anonymous_0)
DA:1,1
DA:3,0
DA:4,0
DA:5,0
DA:8,0
DA:9,0
DA:13,0
DA:14,0
DA:17,0
LF:9
LH:1
BRDA:8,0,0,0
BRDA:8,0,1,0
BRDA:13,1,0,0
BRDA:13,1,1,0
BRF:4
BRH:0
end_of_record
TN:
SF:src/middlewares/roleMiddleware.js
FN:1,(anonymous_0)
FN:2,(anonymous_1)
FNF:2
FNH:1
FNDA:9,(anonymous_0)
FNDA:0,(anonymous_1)
DA:1,1
DA:2,9
DA:4,0
DA:5,0
DA:8,0
LF:5
LH:2
BRDA:4,0,0,0
BRDA:4,0,1,0
BRF:2
BRH:0
end_of_record
TN:
SF:src/repositories/cajaRepository.js
FN:5,(anonymous_0)
FN:13,(anonymous_1)
FN:25,(anonymous_2)
FNF:3
FNH:0
FNDA:0,(anonymous_0)
FNDA:0,(anonymous_1)
FNDA:0,(anonymous_2)
DA:1,1
DA:7,0
DA:15,0
DA:27,0
DA:41,1
LF:5
LH:2
BRF:0
BRH:0
end_of_record
TN:
SF:src/repositories/cancionRepository.js
FN:5,(anonymous_0)
FN:16,(anonymous_1)
FN:24,(anonymous_2)
FN:30,(anonymous_3)
FN:37,(anonymous_4)
FN:43,(anonymous_5)
FNF:6
FNH:0
FNDA:0,(anonymous_0)
FNDA:0,(anonymous_1)
FNDA:0,(anonymous_2)
FNDA:0,(anonymous_3)
FNDA:0,(anonymous_4)
FNDA:0,(anonymous_5)
DA:1,1
DA:6,0
DA:17,0
DA:25,0
DA:31,0
DA:38,0
DA:44,0
DA:49,1
LF:8
LH:2
BRF:0
BRH:0
end_of_record
TN:
SF:src/repositories/detalleVentaRepository.js
FN:5,(anonymous_0)
FN:13,(anonymous_1)
FN:29,(anonymous_2)
FNF:3
FNH:0
FNDA:0,(anonymous_0)
FNDA:0,(anonymous_1)
FNDA:0,(anonymous_2)
DA:1,1
DA:7,0
DA:15,0
DA:31,0
DA:43,1
LF:5
LH:2
BRDA:5,0,0,0
BRF:1
BRH:0
end_of_record
TN:
SF:src/repositories/horarioRepository.js
FN:5,(anonymous_0)
FN:11,(anonymous_1)
FN:19,(anonymous_2)
FN:25,(anonymous_3)
FN:31,(anonymous_4)
FN:38,(anonymous_5)
FNF:6
FNH:0
FNDA:0,(anonymous_0)
FNDA:0,(anonymous_1)
FNDA:0,(anonymous_2)
FNDA:0,(anonymous_3)
FNDA:0,(anonymous_4)
FNDA:0,(anonymous_5)
DA:1,1
DA:6,0
DA:12,0
DA:20,0
DA:26,0
DA:32,0
DA:39,0
DA:46,1
LF:8
LH:2
BRF:0
BRH:0
end_of_record
TN:
SF:src/repositories/mesaRepository.js
FN:5,(anonymous_0)
FN:9,(anonymous_1)
FN:17,(anonymous_2)
FN:23,(anonymous_3)
FN:32,(anonymous_4)
FNF:5
FNH:0
FNDA:0,(anonymous_0)
FNDA:0,(anonymous_1)
FNDA:0,(anonymous_2)
FNDA:0,(anonymous_3)
FNDA:0,(anonymous_4)
DA:1,1
DA:6,0
DA:10,0
DA:18,0
DA:24,0
DA:33,0
DA:42,1
LF:7
LH:2
BRF:0
BRH:0
end_of_record
TN:
SF:src/repositories/parqueaderoRepository.js
FN:5,(anonymous_0)
FN:9,(anonymous_1)
FN:17,(anonymous_2)
FN:23,(anonymous_3)
FN:32,(anonymous_4)
FNF:5
FNH:0
FNDA:0,(anonymous_0)
FNDA:0,(anonymous_1)
FNDA:0,(anonymous_2)
FNDA:0,(anonymous_3)
FNDA:0,(anonymous_4)
DA:1,1
DA:6,0
DA:10,0
DA:18,0
DA:24,0
DA:33,0
DA:42,1
LF:7
LH:2
BRF:0
BRH:0
end_of_record
TN:
SF:src/repositories/productoRepository.js
FN:5,(anonymous_0)
FN:9,(anonymous_1)
FN:17,(anonymous_2)
FN:23,(anonymous_3)
FN:32,(anonymous_4)
FNF:5
FNH:0
FNDA:0,(anonymous_0)
FNDA:0,(anonymous_1)
FNDA:0,(anonymous_2)
FNDA:0,(anonymous_3)
FNDA:0,(anonymous_4)
DA:1,1
DA:6,0
DA:10,0
DA:18,0
DA:24,0
DA:33,0
DA:42,1
LF:7
LH:2
BRF:0
BRH:0
end_of_record
TN:
SF:src/repositories/reservaRepository.js
FN:5,(anonymous_0)
FN:19,(anonymous_1)
FN:36,(anonymous_2)
FN:49,(anonymous_3)
FN:65,(anonymous_4)
FN:80,(anonymous_5)
FN:90,(anonymous_6)
FN:104,(anonymous_7)
FNF:8
FNH:0
FNDA:0,(anonymous_0)
FNDA:0,(anonymous_1)
FNDA:0,(anonymous_2)
FNDA:0,(anonymous_3)
FNDA:0,(anonymous_4)
FNDA:0,(anonymous_5)
FNDA:0,(anonymous_6)
FNDA:0,(anonymous_7)
DA:1,1
DA:7,0
DA:21,0
DA:38,0
DA:51,0
DA:67,0
DA:82,0
DA:92,0
DA:106,0
DA:118,1
LF:10
LH:2
BRF:0
BRH:0
end_of_record
TN:
SF:src/repositories/rolRepository.js
FN:5,(anonymous_0)
FN:13,(anonymous_1)
FN:22,(anonymous_2)
FN:30,(anonymous_3)
FN:36,(anonymous_4)
FN:43,(anonymous_5)
FNF:6
FNH:0
FNDA:0,(anonymous_0)
FNDA:0,(anonymous_1)
FNDA:0,(anonymous_2)
FNDA:0,(anonymous_3)
FNDA:0,(anonymous_4)
FNDA:0,(anonymous_5)
DA:1,1
DA:6,0
DA:14,0
DA:23,0
DA:31,0
DA:37,0
DA:44,0
DA:51,1
LF:8
LH:2
BRF:0
BRH:0
end_of_record
TN:
SF:src/repositories/usuarioRepository.js
FN:5,(anonymous_0)
FN:10,(anonymous_1)
FN:17,(anonymous_2)
FN:29,(anonymous_3)
FN:41,(anonymous_4)
FN:53,(anonymous_5)
FN:62,(anonymous_6)
FNF:7
FNH:0
FNDA:0,(anonymous_0)
FNDA:0,(anonymous_1)
FNDA:0,(anonymous_2)
FNDA:0,(anonymous_3)
FNDA:0,(anonymous_4)
FNDA:0,(anonymous_5)
FNDA:0,(anonymous_6)
DA:1,1
DA:6,0
DA:11,0
DA:19,0
DA:20,0
DA:23,0
DA:31,0
DA:32,0
DA:35,0
DA:43,0
DA:55,0
DA:64,0
DA:72,1
LF:13
LH:2
BRDA:19,0,0,0
BRDA:19,0,1,0
BRDA:31,1,0,0
BRDA:31,1,1,0
BRF:4
BRH:0
end_of_record
TN:
SF:src/repositories/ventaRepository.js
FN:5,(anonymous_0)
FN:24,(anonymous_1)
FN:47,(anonymous_2)
FN:55,(anonymous_3)
FN:69,(anonymous_4)
FNF:5
FNH:0
FNDA:0,(anonymous_0)
FNDA:0,(anonymous_1)
FNDA:0,(anonymous_2)
FNDA:0,(anonymous_3)
FNDA:0,(anonymous_4)
DA:1,1
DA:7,0
DA:26,0
DA:49,0
DA:57,0
DA:71,0
DA:83,1
LF:7
LH:2
BRDA:47,0,0,0
BRF:1
BRH:0
end_of_record
TN:
SF:src/routes/authRoutes.js
FNF:0
FNH:0
DA:1,1
DA:2,1
DA:3,1
DA:4,1
DA:6,1
DA:7,1
DA:9,1
LF:7
LH:7
BRF:0
BRH:0
end_of_record
TN:
SF:src/routes/cajaRoutes.js
FNF:0
FNH:0
DA:1,1
DA:2,1
DA:4,1
DA:5,1
DA:6,1
DA:8,1
DA:10,1
DA:12,1
DA:14,1
DA:16,1
DA:18,1
DA:20,1
LF:12
LH:12
BRF:0
BRH:0
end_of_record
TN:
SF:src/routes/cancionRoutes.js
FNF:0
FNH:0
DA:1,1
DA:2,1
DA:4,1
DA:5,1
DA:7,1
DA:9,1
DA:11,1
DA:13,1
DA:15,1
DA:17,1
LF:10
LH:10
BRF:0
BRH:0
end_of_record
TN:
SF:src/routes/horarioRoutes.js
FNF:0
FNH:0
DA:1,1
DA:2,1
DA:4,1
DA:6,1
DA:8,1
DA:10,1
DA:12,1
DA:14,1
DA:16,1
DA:18,1
LF:10
LH:10
BRF:0
BRH:0
end_of_record
TN:
SF:src/routes/mesaRoutes.js
FNF:0
FNH:0
DA:1,1
DA:3,1
DA:5,1
DA:7,1
DA:9,1
DA:11,1
DA:13,1
DA:15,1
DA:17,1
LF:9
LH:9
BRF:0
BRH:0
end_of_record
TN:
SF:src/routes/parqueaderoRoutes.js
FNF:0
FNH:0
DA:1,1
DA:3,1
DA:5,1
DA:7,1
DA:9,1
DA:11,1
DA:13,1
DA:15,1
DA:17,1
LF:9
LH:9
BRF:0
BRH:0
end_of_record
TN:
SF:src/routes/productoRoutes.js
FNF:0
FNH:0
DA:1,1
DA:2,1
DA:4,1
DA:6,1
DA:8,1
DA:10,1
DA:12,1
DA:14,1
DA:16,1
DA:18,1
LF:10
LH:10
BRF:0
BRH:0
end_of_record
TN:
SF:src/routes/reservaRoutes.js
FNF:0
FNH:0
DA:1,1
DA:2,1
DA:4,1
DA:5,1
DA:7,1
DA:9,1
DA:11,1
DA:13,1
DA:15,1
DA:17,1
DA:19,1
DA:21,1
DA:23,1
LF:13
LH:13
BRF:0
BRH:0
end_of_record
TN:
SF:src/routes/rolRoutes.js
FNF:0
FNH:0
DA:1,1
DA:2,1
DA:4,1
DA:6,1
DA:7,1
DA:9,1
DA:11,1
DA:13,1
DA:15,1
DA:17,1
DA:19,1
LF:11
LH:11
BRF:0
BRH:0
end_of_record
TN:
SF:src/routes/usuarioRoutes.js
FNF:0
FNH:0
DA:1,1
DA:2,1
DA:4,1
DA:6,1
DA:7,1
DA:8,1
DA:12,1
DA:13,1
DA:16,1
DA:19,1
DA:22,1
DA:25,1
DA:28,1
DA:31,1
LF:14
LH:14
BRF:0
BRH:0
end_of_record
TN:
SF:src/routes/ventaRoutes.js
FNF:0
FNH:0
DA:1,1
DA:2,1
DA:4,1
DA:5,1
DA:7,1
DA:9,1
DA:11,1
DA:13,1
DA:15,1
DA:17,1
DA:19,1
DA:21,1
DA:23,1
LF:13
LH:13
BRF:0
BRH:0
end_of_record
TN:
SF:src/services/authService.js
FN:7,(anonymous_0)
FNF:1
FNH:0
FNDA:0,(anonymous_0)
DA:1,1
DA:2,1
DA:3,1
DA:9,0
DA:14,0
DA:15,0
DA:18,0
DA:20,0
DA:21,0
DA:24,0
DA:25,0
DA:28,0
DA:37,0
DA:46,1
LF:14
LH:4
BRDA:14,0,0,0
BRDA:14,0,1,0
BRDA:20,1,0,0
BRDA:20,1,1,0
BRDA:24,2,0,0
BRDA:24,2,1,0
BRF:6
BRH:0
end_of_record
TN:
SF:src/services/cajaService.js
FN:6,(anonymous_0)
FN:10,(anonymous_1)
FN:14,(anonymous_2)
FN:32,(anonymous_3)
FN:78,(anonymous_4)
FN:86,(anonymous_5)
FN:125,(anonymous_6)
FN:153,(anonymous_7)
FN:178,(anonymous_8)
FNF:9
FNH:0
FNDA:0,(anonymous_0)
FNDA:0,(anonymous_1)
FNDA:0,(anonymous_2)
FNDA:0,(anonymous_3)
FNDA:0,(anonymous_4)
FNDA:0,(anonymous_5)
FNDA:0,(anonymous_6)
FNDA:0,(anonymous_7)
FNDA:0,(anonymous_8)
DA:1,1
DA:2,1
DA:7,0
DA:11,0
DA:16,0
DA:17,0
DA:18,0
DA:19,0
DA:22,0
DA:24,0
DA:25,0
DA:26,0
DA:27,0
DA:34,0
DA:36,0
DA:38,0
DA:40,0
DA:41,0
DA:44,0
DA:45,0
DA:46,0
DA:47,0
DA:48,0
DA:51,0
DA:53,0
DA:54,0
DA:55,0
DA:56,0
DA:59,0
DA:61,0
DA:62,0
DA:63,0
DA:64,0
DA:67,0
DA:69,0
DA:80,0
DA:82,0
DA:88,0
DA:90,0
DA:92,0
DA:93,0
DA:94,0
DA:95,0
DA:98,0
DA:111,0
DA:113,0
DA:115,0
DA:127,0
DA:129,0
DA:130,0
DA:132,0
DA:147,0
DA:155,0
DA:157,0
DA:158,0
DA:160,0
DA:180,0
DA:182,0
DA:205,1
LF:59
LH:3
BRDA:7,0,0,0
BRDA:7,0,1,0
BRDA:11,1,0,0
BRDA:11,1,1,0
BRDA:16,2,0,0
BRDA:16,2,1,0
BRDA:24,3,0,0
BRDA:24,3,1,0
BRDA:40,4,0,0
BRDA:40,4,1,0
BRDA:40,5,0,0
BRDA:40,5,1,0
BRDA:44,6,0,0
BRDA:44,6,1,0
BRDA:53,7,0,0
BRDA:53,7,1,0
BRDA:53,8,0,0
BRDA:53,8,1,0
BRDA:61,9,0,0
BRDA:61,9,1,0
BRDA:92,10,0,0
BRDA:92,10,1,0
BRDA:111,11,0,0
BRDA:111,11,1,0
BRDA:148,12,0,0
BRDA:148,12,1,0
BRF:26
BRH:0
end_of_record
TN:
SF:src/services/cancionService.js
FN:6,(anonymous_0)
FN:10,(anonymous_1)
FN:14,(anonymous_2)
FN:25,(anonymous_3)
FN:46,(anonymous_4)
FN:53,(anonymous_5)
FN:66,(anonymous_6)
FN:96,(anonymous_7)
FN:115,(anonymous_8)
FNF:9
FNH:0
FNDA:0,(anonymous_0)
FNDA:0,(anonymous_1)
FNDA:0,(anonymous_2)
FNDA:0,(anonymous_3)
FNDA:0,(anonymous_4)
FNDA:0,(anonymous_5)
FNDA:0,(anonymous_6)
FNDA:0,(anonymous_7)
FNDA:0,(anonymous_8)
DA:1,1
DA:2,1
DA:7,0
DA:11,0
DA:16,0
DA:17,0
DA:18,0
DA:19,0
DA:22,0
DA:27,0
DA:28,0
DA:29,0
DA:30,0
DA:33,0
DA:46,0
DA:55,0
DA:57,0
DA:58,0
DA:59,0
DA:60,0
DA:63,0
DA:68,0
DA:70,0
DA:71,0
DA:72,0
DA:73,0
DA:76,0
DA:78,0
DA:80,0
DA:87,0
DA:89,0
DA:91,0
DA:93,0
DA:98,0
DA:100,0
DA:101,0
DA:102,0
DA:103,0
DA:106,0
DA:108,0
DA:110,0
DA:112,0
DA:117,0
DA:119,0
DA:120,0
DA:121,0
DA:122,0
DA:125,0
DA:127,0
DA:129,0
DA:134,1
LF:51
LH:3
BRDA:7,0,0,0
BRDA:7,0,1,0
BRDA:11,1,0,0
BRDA:11,1,1,0
BRDA:16,2,0,0
BRDA:16,2,1,0
BRDA:27,3,0,0
BRDA:27,3,1,0
BRDA:57,4,0,0
BRDA:57,4,1,0
BRDA:57,5,0,0
BRDA:57,5,1,0
BRDA:70,6,0,0
BRDA:70,6,1,0
BRDA:78,7,0,0
BRDA:78,7,1,0
BRDA:100,8,0,0
BRDA:100,8,1,0
BRDA:100,9,0,0
BRDA:100,9,1,0
BRDA:119,10,0,0
BRDA:119,10,1,0
BRDA:119,11,0,0
BRDA:119,11,1,0
BRF:24
BRH:0
end_of_record
TN:
SF:src/services/horarioService.js
FN:5,(anonymous_0)
FN:12,(anonymous_1)
FN:16,(anonymous_2)
FN:20,(anonymous_3)
FN:38,(anonymous_4)
FN:50,(anonymous_5)
FN:91,(anonymous_6)
FN:145,(anonymous_7)
FN:157,(anonymous_8)
FNF:9
FNH:0
FNDA:0,(anonymous_0)
FNDA:0,(anonymous_1)
FNDA:0,(anonymous_2)
FNDA:0,(anonymous_3)
FNDA:0,(anonymous_4)
FNDA:0,(anonymous_5)
FNDA:0,(anonymous_6)
FNDA:0,(anonymous_7)
FNDA:0,(anonymous_8)
DA:1,1
DA:6,0
DA:7,0
DA:8,0
DA:9,0
DA:13,0
DA:17,0
DA:21,0
DA:22,0
DA:23,0
DA:24,0
DA:27,0
DA:29,0
DA:30,0
DA:31,0
DA:32,0
DA:35,0
DA:39,0
DA:41,0
DA:42,0
DA:43,0
DA:44,0
DA:47,0
DA:51,0
DA:55,0
DA:57,0
DA:58,0
DA:59,0
DA:60,0
DA:61,0
DA:63,0
DA:65,0
DA:68,0
DA:69,0
DA:70,0
DA:71,0
DA:75,0
DA:77,0
DA:78,0
DA:85,0
DA:92,0
DA:94,0
DA:95,0
DA:96,0
DA:97,0
DA:100,0
DA:102,0
DA:103,0
DA:104,0
DA:105,0
DA:106,0
DA:107,0
DA:109,0
DA:110,0
DA:111,0
DA:112,0
DA:113,0
DA:117,0
DA:118,0
DA:119,0
DA:120,0
DA:121,0
DA:122,0
DA:125,0
DA:127,0
DA:128,0
DA:130,0
DA:131,0
DA:133,0
DA:135,0
DA:136,0
DA:137,0
DA:138,0
DA:142,0
DA:146,0
DA:148,0
DA:149,0
DA:150,0
DA:151,0
DA:154,0
DA:158,0
DA:160,0
DA:161,0
DA:162,0
DA:163,0
DA:166,0
DA:170,1
LF:87
LH:2
BRDA:13,0,0,0
BRDA:13,0,1,0
BRDA:17,1,0,0
BRDA:17,1,1,0
BRDA:21,2,0,0
BRDA:21,2,1,0
BRDA:29,3,0,0
BRDA:29,3,1,0
BRDA:29,4,0,0
BRDA:29,4,1,0
BRDA:41,5,0,0
BRDA:41,5,1,0
BRDA:55,6,0,0
BRDA:55,6,1,0
BRDA:58,7,0,0
BRDA:58,7,1,0
BRDA:63,8,0,0
BRDA:63,8,1,0
BRDA:68,9,0,0
BRDA:68,9,1,0
BRDA:77,10,0,0
BRDA:77,10,1,0
BRDA:77,11,0,0
BRDA:77,11,1,0
BRDA:94,12,0,0
BRDA:94,12,1,0
BRDA:103,13,0,0
BRDA:103,13,1,0
BRDA:104,14,0,0
BRDA:104,14,1,0
BRDA:105,15,0,0
BRDA:105,15,1,0
BRDA:106,16,0,0
BRDA:106,16,1,0
BRDA:107,17,0,0
BRDA:107,17,1,0
BRDA:109,18,0,0
BRDA:109,18,1,0
BRDA:119,19,0,0
BRDA:119,19,1,0
BRDA:125,20,0,0
BRDA:125,20,1,0
BRDA:128,21,0,0
BRDA:128,21,1,0
BRDA:133,22,0,0
BRDA:133,22,1,0
BRDA:135,23,0,0
BRDA:135,23,1,0
BRDA:148,24,0,0
BRDA:148,24,1,0
BRDA:160,25,0,0
BRDA:160,25,1,0
BRF:52
BRH:0
end_of_record
TN:
SF:src/services/mesaService.js
FN:5,(anonymous_0)
FN:9,(anonymous_1)
FN:27,(anonymous_2)
FN:31,(anonymous_3)
FN:38,(anonymous_4)
FN:45,(anonymous_5)
FNF:6
FNH:0
FNDA:0,(anonymous_0)
FNDA:0,(anonymous_1)
FNDA:0,(anonymous_2)
FNDA:0,(anonymous_3)
FNDA:0,(anonymous_4)
FNDA:0,(anonymous_5)
DA:1,1
DA:6,0
DA:11,0
DA:12,0
DA:13,0
DA:14,0
DA:17,0
DA:19,0
DA:20,0
DA:21,0
DA:22,0
DA:28,0
DA:33,0
DA:35,0
DA:40,0
DA:42,0
DA:47,0
DA:49,0
DA:54,1
LF:19
LH:2
BRDA:6,0,0,0
BRDA:6,0,1,0
BRDA:11,1,0,0
BRDA:11,1,1,0
BRDA:19,2,0,0
BRDA:19,2,1,0
BRF:6
BRH:0
end_of_record
TN:
SF:src/services/parqueaderoService.js
FN:5,(anonymous_0)
FN:9,(anonymous_1)
FN:27,(anonymous_2)
FN:31,(anonymous_3)
FN:38,(anonymous_4)
FN:45,(anonymous_5)
FNF:6
FNH:0
FNDA:0,(anonymous_0)
FNDA:0,(anonymous_1)
FNDA:0,(anonymous_2)
FNDA:0,(anonymous_3)
FNDA:0,(anonymous_4)
FNDA:0,(anonymous_5)
DA:1,1
DA:6,0
DA:11,0
DA:12,0
DA:13,0
DA:14,0
DA:17,0
DA:19,0
DA:20,0
DA:21,0
DA:22,0
DA:28,0
DA:33,0
DA:35,0
DA:40,0
DA:42,0
DA:47,0
DA:49,0
DA:54,1
LF:19
LH:2
BRDA:6,0,0,0
BRDA:6,0,1,0
BRDA:11,1,0,0
BRDA:11,1,1,0
BRDA:19,2,0,0
BRDA:19,2,1,0
BRF:6
BRH:0
end_of_record
TN:
SF:src/services/productoService.js
FN:5,(anonymous_0)
FN:9,(anonymous_1)
FN:28,(anonymous_2)
FN:40,(anonymous_3)
FN:53,(anonymous_4)
FN:72,(anonymous_5)
FN:122,(anonymous_6)
FN:138,(anonymous_7)
FNF:8
FNH:0
FNDA:0,(anonymous_0)
FNDA:0,(anonymous_1)
FNDA:0,(anonymous_2)
FNDA:0,(anonymous_3)
FNDA:0,(anonymous_4)
FNDA:0,(anonymous_5)
FNDA:0,(anonymous_6)
FNDA:0,(anonymous_7)
DA:1,1
DA:6,0
DA:11,0
DA:12,0
DA:13,0
DA:14,0
DA:17,0
DA:19,0
DA:20,0
DA:21,0
DA:22,0
DA:25,0
DA:30,0
DA:32,0
DA:33,0
DA:34,0
DA:35,0
DA:42,0
DA:44,0
DA:46,0
DA:55,0
DA:57,0
DA:59,0
DA:60,0
DA:61,0
DA:62,0
DA:65,0
DA:74,0
DA:83,0
DA:85,0
DA:87,0
DA:88,0
DA:89,0
DA:90,0
DA:91,0
DA:93,0
DA:95,0
DA:96,0
DA:97,0
DA:98,0
DA:102,0
DA:104,0
DA:105,0
DA:106,0
DA:110,0
DA:112,0
DA:113,0
DA:114,0
DA:118,0
DA:124,0
DA:126,0
DA:128,0
DA:129,0
DA:130,0
DA:131,0
DA:134,0
DA:140,0
DA:142,0
DA:144,0
DA:145,0
DA:146,0
DA:147,0
DA:150,0
DA:156,1
LF:64
LH:2
BRDA:6,0,0,0
BRDA:6,0,1,0
BRDA:11,1,0,0
BRDA:11,1,1,0
BRDA:19,2,0,0
BRDA:19,2,1,0
BRDA:32,3,0,0
BRDA:32,3,1,0
BRDA:32,4,0,0
BRDA:32,4,1,0
BRDA:59,5,0,0
BRDA:59,5,1,0
BRDA:87,6,0,0
BRDA:87,6,1,0
BRDA:88,7,0,0
BRDA:88,7,1,0
BRDA:89,8,0,0
BRDA:89,8,1,0
BRDA:90,9,0,0
BRDA:90,9,1,0
BRDA:91,10,0,0
BRDA:91,10,1,0
BRDA:93,11,0,0
BRDA:93,11,1,0
BRDA:102,12,0,0
BRDA:102,12,1,0
BRDA:110,13,0,0
BRDA:110,13,1,0
BRDA:128,14,0,0
BRDA:128,14,1,0
BRDA:144,15,0,0
BRDA:144,15,1,0
BRF:32
BRH:0
end_of_record
TN:
SF:src/services/reservaService.js
FN:6,(anonymous_0)
FN:10,(anonymous_1)
FN:14,(anonymous_2)
FN:25,(anonymous_3)
FN:47,(anonymous_4)
FN:59,(anonymous_5)
FN:73,(anonymous_6)
FN:88,(anonymous_7)
FN:133,(anonymous_8)
FN:163,(anonymous_9)
FN:175,(anonymous_10)
FN:187,(anonymous_11)
FN:201,(anonymous_12)
FN:203,(anonymous_13)
FN:207,(anonymous_14)
FN:221,(anonymous_15)
FN:223,(anonymous_16)
FNF:17
FNH:0
FNDA:0,(anonymous_0)
FNDA:0,(anonymous_1)
FNDA:0,(anonymous_2)
FNDA:0,(anonymous_3)
FNDA:0,(anonymous_4)
FNDA:0,(anonymous_5)
FNDA:0,(anonymous_6)
FNDA:0,(anonymous_7)
FNDA:0,(anonymous_8)
FNDA:0,(anonymous_9)
FNDA:0,(anonymous_10)
FNDA:0,(anonymous_11)
FNDA:0,(anonymous_12)
FNDA:0,(anonymous_13)
FNDA:0,(anonymous_14)
FNDA:0,(anonymous_15)
FNDA:0,(anonymous_16)
DA:1,1
DA:2,1
DA:7,0
DA:11,0
DA:16,0
DA:17,0
DA:18,0
DA:19,0
DA:22,0
DA:27,0
DA:29,0
DA:30,0
DA:31,0
DA:32,0
DA:33,0
DA:34,0
DA:36,0
DA:38,0
DA:39,0
DA:40,0
DA:41,0
DA:49,0
DA:51,0
DA:52,0
DA:55,0
DA:61,0
DA:63,0
DA:64,0
DA:67,0
DA:69,0
DA:75,0
DA:77,0
DA:78,0
DA:81,0
DA:83,0
DA:85,0
DA:86,0
DA:88,0
DA:90,0
DA:101,0
DA:102,0
DA:105,0
DA:125,0
DA:126,0
DA:129,0
DA:135,0
DA:136,0
DA:138,0
DA:155,0
DA:156,0
DA:159,0
DA:165,0
DA:167,0
DA:168,0
DA:171,0
DA:177,0
DA:179,0
DA:180,0
DA:183,0
DA:189,0
DA:191,0
DA:201,0
DA:203,0
DA:209,0
DA:211,0
DA:221,0
DA:223,0
DA:229,1
LF:68
LH:3
BRDA:7,0,0,0
BRDA:7,0,1,0
BRDA:11,1,0,0
BRDA:11,1,1,0
BRDA:16,2,0,0
BRDA:16,2,1,0
BRDA:29,3,0,0
BRDA:29,3,1,0
BRDA:30,4,0,0
BRDA:30,4,1,0
BRDA:31,5,0,0
BRDA:31,5,1,0
BRDA:32,6,0,0
BRDA:32,6,1,0
BRDA:33,7,0,0
BRDA:33,7,1,0
BRDA:34,8,0,0
BRDA:34,8,1,0
BRDA:36,9,0,0
BRDA:36,9,1,0
BRDA:51,10,0,0
BRDA:51,10,1,0
BRDA:63,11,0,0
BRDA:63,11,1,0
BRDA:77,12,0,0
BRDA:77,12,1,0
BRDA:101,13,0,0
BRDA:101,13,1,0
BRDA:125,14,0,0
BRDA:125,14,1,0
BRDA:155,15,0,0
BRDA:155,15,1,0
BRDA:167,16,0,0
BRDA:167,16,1,0
BRDA:179,17,0,0
BRDA:179,17,1,0
BRF:36
BRH:0
end_of_record
TN:
SF:src/services/rolService.js
FN:5,(anonymous_0)
FN:9,(anonymous_1)
FN:22,(anonymous_2)
FN:35,(anonymous_3)
FN:60,(anonymous_4)
FNF:5
FNH:0
FNDA:0,(anonymous_0)
FNDA:0,(anonymous_1)
FNDA:0,(anonymous_2)
FNDA:0,(anonymous_3)
FNDA:0,(anonymous_4)
DA:1,1
DA:6,0
DA:11,0
DA:13,0
DA:14,0
DA:15,0
DA:16,0
DA:19,0
DA:24,0
DA:26,0
DA:27,0
DA:28,0
DA:29,0
DA:32,0
DA:37,0
DA:39,0
DA:40,0
DA:41,0
DA:42,0
DA:45,0
DA:47,0
DA:49,0
DA:50,0
DA:51,0
DA:52,0
DA:57,0
DA:62,0
DA:64,0
DA:65,0
DA:66,0
DA:67,0
DA:70,0
DA:71,0
DA:72,0
DA:73,0
DA:76,0
DA:81,1
LF:37
LH:2
BRDA:13,0,0,0
BRDA:13,0,1,0
BRDA:26,1,0,0
BRDA:26,1,1,0
BRDA:39,2,0,0
BRDA:39,2,1,0
BRDA:45,3,0,0
BRDA:45,3,1,0
BRDA:49,4,0,0
BRDA:49,4,1,0
BRDA:49,5,0,0
BRDA:49,5,1,0
BRDA:64,6,0,0
BRDA:64,6,1,0
BRDA:70,7,0,0
BRDA:70,7,1,0
BRF:16
BRH:0
end_of_record
TN:
SF:src/services/usuarioService.js
FN:7,(anonymous_0)
FN:49,(anonymous_1)
FN:74,(anonymous_2)
FN:82,(anonymous_3)
FN:84,(anonymous_4)
FN:90,(anonymous_5)
FN:113,(anonymous_6)
FN:149,(anonymous_7)
FN:183,(anonymous_8)
FNF:9
FNH:0
FNDA:0,(anonymous_0)
FNDA:0,(anonymous_1)
FNDA:0,(anonymous_2)
FNDA:0,(anonymous_3)
FNDA:0,(anonymous_4)
FNDA:0,(anonymous_5)
FNDA:0,(anonymous_6)
FNDA:0,(anonymous_7)
FNDA:0,(anonymous_8)
DA:1,1
DA:2,1
DA:3,1
DA:9,0
DA:10,0
DA:19,0
DA:21,0
DA:22,0
DA:23,0
DA:24,0
DA:25,0
DA:27,0
DA:29,0
DA:30,0
DA:31,0
DA:34,0
DA:35,0
DA:36,0
DA:39,0
DA:40,0
DA:41,0
DA:44,0
DA:46,0
DA:51,0
DA:52,0
DA:54,0
DA:56,0
DA:58,0
DA:63,0
DA:65,0
DA:71,0
DA:76,0
DA:77,0
DA:80,0
DA:82,0
DA:84,0
DA:85,0
DA:86,0
DA:92,0
DA:93,0
DA:94,0
DA:96,0
DA:98,0
DA:100,0
DA:101,0
DA:104,0
DA:105,0
DA:108,0
DA:110,0
DA:115,0
DA:117,0
DA:119,0
DA:121,0
DA:122,0
DA:124,0
DA:125,0
DA:129,0
DA:130,0
DA:134,0
DA:135,0
DA:138,0
DA:139,0
DA:142,0
DA:144,0
DA:146,0
DA:151,0
DA:153,0
DA:155,0
DA:157,0
DA:158,0
DA:160,0
DA:161,0
DA:164,0
DA:165,0
DA:168,0
DA:169,0
DA:172,0
DA:173,0
DA:176,0
DA:178,0
DA:180,0
DA:185,0
DA:187,0
DA:189,0
DA:191,0
DA:192,0
DA:194,0
DA:195,0
DA:198,0
DA:199,0
DA:202,0
DA:207,1
LF:92
LH:4
BRDA:9,0,0,0
BRDA:9,0,1,0
BRDA:21,1,0,0
BRDA:21,1,1,0
BRDA:22,2,0,0
BRDA:22,2,1,0
BRDA:23,3,0,0
BRDA:23,3,1,0
BRDA:24,4,0,0
BRDA:24,4,1,0
BRDA:25,5,0,0
BRDA:25,5,1,0
BRDA:30,6,0,0
BRDA:30,6,1,0
BRDA:35,7,0,0
BRDA:35,7,1,0
BRDA:40,8,0,0
BRDA:40,8,1,0
BRDA:51,9,0,0
BRDA:51,9,1,0
BRDA:52,10,0,0
BRDA:52,10,1,0
BRDA:56,11,0,0
BRDA:56,11,1,0
BRDA:63,12,0,0
BRDA:63,12,1,0
BRDA:76,13,0,0
BRDA:76,13,1,0
BRDA:98,14,0,0
BRDA:98,14,1,0
BRDA:100,15,0,0
BRDA:100,15,1,0
BRDA:100,16,0,0
BRDA:100,16,1,0
BRDA:104,17,0,0
BRDA:104,17,1,0
BRDA:104,18,0,0
BRDA:104,18,1,0
BRDA:104,18,2,0
BRDA:119,19,0,0
BRDA:119,19,1,0
BRDA:124,20,0,0
BRDA:124,20,1,0
BRDA:124,21,0,0
BRDA:124,21,1,0
BRDA:129,22,0,0
BRDA:129,22,1,0
BRDA:129,23,0,0
BRDA:129,23,1,0
BRDA:129,23,2,0
BRDA:134,24,0,0
BRDA:134,24,1,0
BRDA:134,25,0,0
BRDA:134,25,1,0
BRDA:138,26,0,0
BRDA:138,26,1,0
BRDA:155,27,0,0
BRDA:155,27,1,0
BRDA:160,28,0,0
BRDA:160,28,1,0
BRDA:160,29,0,0
BRDA:160,29,1,0
BRDA:164,30,0,0
BRDA:164,30,1,0
BRDA:164,31,0,0
BRDA:164,31,1,0
BRDA:164,31,2,0
BRDA:168,32,0,0
BRDA:168,32,1,0
BRDA:168,33,0,0
BRDA:168,33,1,0
BRDA:172,34,0,0
BRDA:172,34,1,0
BRDA:189,35,0,0
BRDA:189,35,1,0
BRDA:194,36,0,0
BRDA:194,36,1,0
BRDA:194,37,0,0
BRDA:194,37,1,0
BRDA:198,38,0,0
BRDA:198,38,1,0
BRDA:198,39,0,0
BRDA:198,39,1,0
BRDA:198,39,2,0
BRF:84
BRH:0
end_of_record
TN:
SF:src/services/ventaService.js
FN:9,(anonymous_0)
FN:13,(anonymous_1)
FN:17,(anonymous_2)
FN:28,(anonymous_3)
FN:40,(anonymous_4)
FN:50,(anonymous_5)
FN:54,(anonymous_6)
FN:66,(anonymous_7)
FN:80,(anonymous_8)
FN:104,(anonymous_9)
FN:133,(anonymous_10)
FN:141,(anonymous_11)
FN:211,(anonymous_12)
FN:219,(anonymous_13)
FN:282,(anonymous_14)
FN:290,(anonymous_15)
FNF:16
FNH:0
FNDA:0,(anonymous_0)
FNDA:0,(anonymous_1)
FNDA:0,(anonymous_2)
FNDA:0,(anonymous_3)
FNDA:0,(anonymous_4)
FNDA:0,(anonymous_5)
FNDA:0,(anonymous_6)
FNDA:0,(anonymous_7)
FNDA:0,(anonymous_8)
FNDA:0,(anonymous_9)
FNDA:0,(anonymous_10)
FNDA:0,(anonymous_11)
FNDA:0,(anonymous_12)
FNDA:0,(anonymous_13)
FNDA:0,(anonymous_14)
FNDA:0,(anonymous_15)
DA:1,1
DA:2,1
DA:4,1
DA:5,1
DA:10,0
DA:14,0
DA:19,0
DA:20,0
DA:21,0
DA:22,0
DA:25,0
DA:30,0
DA:32,0
DA:33,0
DA:34,0
DA:35,0
DA:42,0
DA:43,0
DA:44,0
DA:45,0
DA:51,0
DA:56,0
DA:58,0
DA:59,0
DA:62,0
DA:68,0
DA:70,0
DA:72,0
DA:73,0
DA:76,0
DA:82,0
DA:84,0
DA:106,0
DA:108,0
DA:125,0
DA:126,0
DA:129,0
DA:135,0
DA:136,0
DA:138,0
DA:139,0
DA:141,0
DA:144,0
DA:148,0
DA:149,0
DA:152,0
DA:154,0
DA:165,0
DA:167,0
DA:171,0
DA:172,0
DA:175,0
DA:176,0
DA:179,0
DA:181,0
DA:183,0
DA:194,0
DA:202,0
DA:213,0
DA:215,0
DA:216,0
DA:219,0
DA:221,0
DA:229,0
DA:230,0
DA:233,0
DA:234,0
DA:237,0
DA:239,0
DA:243,0
DA:244,0
DA:247,0
DA:249,0
DA:254,0
DA:267,0
DA:284,0
DA:286,0
DA:292,0
DA:294,0
DA:300,1
LF:80
LH:5
BRDA:10,0,0,0
BRDA:10,0,1,0
BRDA:14,1,0,0
BRDA:14,1,1,0
BRDA:19,2,0,0
BRDA:19,2,1,0
BRDA:32,3,0,0
BRDA:32,3,1,0
BRDA:42,4,0,0
BRDA:42,4,1,0
BRDA:42,5,0,0
BRDA:42,5,1,0
BRDA:42,5,2,0
BRDA:58,6,0,0
BRDA:58,6,1,0
BRDA:72,7,0,0
BRDA:72,7,1,0
BRDA:125,8,0,0
BRDA:125,8,1,0
BRDA:148,9,0,0
BRDA:148,9,1,0
BRDA:171,10,0,0
BRDA:171,10,1,0
BRDA:175,11,0,0
BRDA:175,11,1,0
BRDA:215,12,0,0
BRDA:215,12,1,0
BRDA:229,13,0,0
BRDA:229,13,1,0
BRDA:233,14,0,0
BRDA:233,14,1,0
BRDA:243,15,0,0
BRDA:243,15,1,0
BRF:33
BRH:0
end_of_record
